Mon Jun 13 10:33:25 COT 2022
MaxEnt version 3.4.4
Checking header of C:\humboldt\biomodelos-sdm\Chlorochrysa.nitidissima\M_variables\Set_1\elev.asc
Checking header of C:\humboldt\biomodelos-sdm\Chlorochrysa.nitidissima\M_variables\Set_1\wc2.1_10m_bio_10_s.asc
Checking header of C:\humboldt\biomodelos-sdm\Chlorochrysa.nitidissima\M_variables\Set_1\wc2.1_10m_bio_1_s.asc
Reading samples from occ_joint_kuenm.csv
Read samples: max memory 1048576000, total allocated 134217728, free 124817224, used 9400504, increment 9400504
Extractor: max memory 1048576000, total allocated 134217728, free 124295112, used 9922616, increment 522112
Extracting random background and sample data
319 points with values for all grids
Adding samples to background in feature space
Command line used:  environmentallayers=C:\humboldt\biomodelos-sdm\Chlorochrysa.nitidissima\M_variables\Set_1 samplesfile=C:\humboldt\biomodelos-sdm\Chlorochrysa.nitidissima\occurrences\occ_joint_kuenm.csv outputdirectory=C:\humboldt\biomodelos-sdm\Chlorochrysa.nitidissima\final_models_kuenm\\M_4_F_lp_Set_1 betamultiplier=4 autofeature=false linear=true quadratic=false product=true threshold=false hinge=false replicates=1 replicatetype=Bootstrap jackknife=false outputformat=logistic extrapolate=false doclamp=false writeclampgrid=false writemess=false responsecurves=true warnings=false visible=false redoifexists autorun
Command line to repeat: java density.MaxEnt nowarnings noprefixes responsecurves outputformat=logistic outputdirectory=C:\humboldt\biomodelos-sdm\Chlorochrysa.nitidissima\final_models_kuenm\\M_4_F_lp_Set_1 samplesfile=C:\humboldt\biomodelos-sdm\Chlorochrysa.nitidissima\occurrences\occ_joint_kuenm.csv environmentallayers=C:\humboldt\biomodelos-sdm\Chlorochrysa.nitidissima\M_variables\Set_1 nowarnings noaskoverwrite nowriteclampgrid nowritemess betamultiplier=4.0 replicatetype=bootstrap noquadratic nohinge autorun noextrapolate novisible noautofeature nodoclamp
Species: Chlorochrysa.nitidissima
Layers: elev wc2.1_10m_bio_10_s wc2.1_10m_bio_1_s
Layertypes: Continuous Continuous Continuous
responsecurves: true
outputformat: logistic
outputdirectory: C:\humboldt\biomodelos-sdm\Chlorochrysa.nitidissima\final_models_kuenm\\M_4_F_lp_Set_1
samplesfile: C:\humboldt\biomodelos-sdm\Chlorochrysa.nitidissima\occurrences\occ_joint_kuenm.csv
environmentallayers: C:\humboldt\biomodelos-sdm\Chlorochrysa.nitidissima\M_variables\Set_1
warnings: false
askoverwrite: false
writeclampgrid: false
writemess: false
betamultiplier: 4.0
replicatetype: bootstrap
quadratic: false
hinge: false
autorun: true
extrapolate: false
visible: false
autofeature: false
doclamp: false

getSamples: max memory 1048576000, total allocated 134217728, free 124295112, used 9922616, increment 0
Making features
makeFeatures: max memory 1048576000, total allocated 134217728, free 124295112, used 9922616, increment 0
Chlorochrysa.nitidissima: 
Regularization values: linear/quadratic/product: 0.529, categorical: 0.250, threshold: 1.670, hinge: 0.500
33 samples
Density: max memory 1048576000, total allocated 134217728, free 123753520, used 10464208, increment 541592
linearPredictor: max memory 1048576000, total allocated 134217728, free 123753520, used 10464208, increment 0
FeaturedSpace: max memory 1048576000, total allocated 134217728, free 123753520, used 10464208, increment 0
Sequential: max memory 1048576000, total allocated 134217728, free 123753520, used 10464208, increment 0
Initial loss: 5.765191102784844
60: time = 0,044000 loss = 5,654777
Resulting gain: 0.11041451375701605
Time since start: 1.231
Projecting...
Writing file C:\humboldt\biomodelos-sdm\Chlorochrysa.nitidissima\final_models_kuenm\M_4_F_lp_Set_1\Chlorochrysa.nitidissima.asc
Writing C:\humboldt\biomodelos-sdm\Chlorochrysa.nitidissima\final_models_kuenm\M_4_F_lp_Set_1\plots\Chlorochrysa.nitidissima.png
Chlorochrysa.nitidissima response curves
Response curve: only elev
Making features
makeFeatures: max memory 1048576000, total allocated 134217728, free 92597760, used 41619968, increment 31155760
Chlorochrysa.nitidissima elev: 
Regularization values: linear/quadratic/product: 0.529, categorical: 0.250, threshold: 1.670, hinge: 0.500
33 samples
Density: max memory 1048576000, total allocated 134217728, free 92597760, used 41619968, increment 0
linearPredictor: max memory 1048576000, total allocated 134217728, free 92597760, used 41619968, increment 0
FeaturedSpace: max memory 1048576000, total allocated 134217728, free 92597760, used 41619968, increment 0
Sequential: max memory 1048576000, total allocated 134217728, free 92597760, used 41619968, increment 0
Initial loss: 5.765191102784844
60: time = 0,014000 loss = 5,754933
Resulting gain: 0.010257923230362564
Chlorochrysa.nitidissima response curves
Response curve: only wc2.1_10m_bio_10_s
Making features
makeFeatures: max memory 1048576000, total allocated 134217728, free 88810128, used 45407600, increment 3787632
Chlorochrysa.nitidissima wc2.1_10m_bio_10_s: 
Regularization values: linear/quadratic/product: 0.529, categorical: 0.250, threshold: 1.670, hinge: 0.500
33 samples
Density: max memory 1048576000, total allocated 134217728, free 88810128, used 45407600, increment 0
linearPredictor: max memory 1048576000, total allocated 134217728, free 88810128, used 45407600, increment 0
FeaturedSpace: max memory 1048576000, total allocated 134217728, free 88810128, used 45407600, increment 0
Sequential: max memory 1048576000, total allocated 134217728, free 88810128, used 45407600, increment 0
Initial loss: 5.765191102784844
60: time = 0,012000 loss = 5,759446
Resulting gain: 0.005744724503734311
Chlorochrysa.nitidissima response curves
Response curve: only wc2.1_10m_bio_1_s
Making features
makeFeatures: max memory 1048576000, total allocated 134217728, free 114963328, used 19254400, increment -26153200
Chlorochrysa.nitidissima wc2.1_10m_bio_1_s: 
Regularization values: linear/quadratic/product: 0.529, categorical: 0.250, threshold: 1.670, hinge: 0.500
33 samples
Density: max memory 1048576000, total allocated 134217728, free 114963328, used 19254400, increment 0
linearPredictor: max memory 1048576000, total allocated 134217728, free 114963328, used 19254400, increment 0
FeaturedSpace: max memory 1048576000, total allocated 134217728, free 114963328, used 19254400, increment 0
Sequential: max memory 1048576000, total allocated 134217728, free 114963328, used 19254400, increment 0
Initial loss: 5.765191102784844
60: time = 0,004000 loss = 5,760099
Resulting gain: 0.005091974389993759
Chlorochrysa.nitidissima response curves
Ending
