Thu Nov 17 12:12:16 COT 2022
MaxEnt version 3.4.3
Reading file absence
readGrid: max memory 536870912, total allocated 134217728, free 111386880, used 22830848, increment -56347584
Reading samples from presence
Read samples: max memory 536870912, total allocated 134217728, free 111386880, used 22830848, increment 0
Adding samples to background in feature space
Command line used:  autorun -e Chlorochrysa.nitidissima/Temp/maxent/5646132795/absence -o Chlorochrysa.nitidissima/Temp/maxent/5646132795 -s Chlorochrysa.nitidissima/Temp/maxent/5646132795/presence -z noremoveDuplicates noautofeature noquadratic nohinge noproduct nothreshold betamultiplier=1
Command line to repeat: java density.MaxEnt nowarnings noprefixes outputdirectory=Chlorochrysa.nitidissima/Temp/maxent/5646132795 samplesfile=Chlorochrysa.nitidissima/Temp/maxent/5646132795/presence environmentallayers=Chlorochrysa.nitidissima/Temp/maxent/5646132795/absence noremoveduplicates noquadratic noproduct nohinge autorun novisible noautofeature
Species: species
Layers: elev wc2.1_10m_bio_10_s wc2.1_10m_bio_1_s
Layertypes: Continuous Continuous Continuous
outputdirectory: Chlorochrysa.nitidissima/Temp/maxent/5646132795
samplesfile: Chlorochrysa.nitidissima/Temp/maxent/5646132795/presence
environmentallayers: Chlorochrysa.nitidissima/Temp/maxent/5646132795/absence
removeduplicates: false
quadratic: false
product: false
hinge: false
autorun: true
visible: false
autofeature: false

getSamples: max memory 536870912, total allocated 134217728, free 110338304, used 23879424, increment 1048576
Making features
makeFeatures: max memory 536870912, total allocated 134217728, free 110338304, used 23879424, increment 0
species: 
Regularization values: linear/quadratic/product: 0.050, categorical: 0.250, threshold: 1.000, hinge: 0.500
169 samples
Density: max memory 536870912, total allocated 134217728, free 110338304, used 23879424, increment 0
linearPredictor: max memory 536870912, total allocated 134217728, free 110338304, used 23879424, increment 0
FeaturedSpace: max memory 536870912, total allocated 134217728, free 110338304, used 23879424, increment 0
Sequential: max memory 536870912, total allocated 134217728, free 110338304, used 23879424, increment 0
Initial loss: 5.25227342804663
60: time = 0,002000 loss = 5,236675
Resulting gain: 0.015598341219749123
Projecting...
Writing file Chlorochrysa.nitidissima\Temp\maxent\5646132795\species.csv
Ending
