Wed Jun 08 17:17:36 COT 2022
MaxEnt version 3.4.4
Checking header of C:\humboldt\biomodelos-sdm\Chlorochrysa.nitidissima\M_variables\Set_1\elev.asc
Checking header of C:\humboldt\biomodelos-sdm\Chlorochrysa.nitidissima\M_variables\Set_1\wc2.1_10m_bio_10_s.asc
Checking header of C:\humboldt\biomodelos-sdm\Chlorochrysa.nitidissima\M_variables\Set_1\wc2.1_10m_bio_1_s.asc
Reading samples from occ_joint_kuenm.csv
Read samples: max memory 1048576000, total allocated 134217728, free 124862304, used 9355424, increment 9355424
Extractor: max memory 1048576000, total allocated 134217728, free 124296128, used 9921600, increment 566176
Extracting random background and sample data
515 points with values for all grids
Adding samples to background in feature space
Command line used:  environmentallayers=C:\humboldt\biomodelos-sdm\Chlorochrysa.nitidissima\M_variables\Set_1 samplesfile=C:\humboldt\biomodelos-sdm\Chlorochrysa.nitidissima\occurrences\occ_joint_kuenm.csv outputdirectory=C:\humboldt\biomodelos-sdm\Chlorochrysa.nitidissima\final_models_kuenm\\M_2_F_lq_Set_1 betamultiplier=2 autofeature=false linear=true quadratic=true product=false threshold=false hinge=false replicates=1 replicatetype=Bootstrap jackknife=false outputformat=logistic extrapolate=false doclamp=false writeclampgrid=false writemess=false responsecurves=true warnings=false visible=false redoifexists autorun
Command line to repeat: java density.MaxEnt nowarnings noprefixes responsecurves outputformat=logistic outputdirectory=C:\humboldt\biomodelos-sdm\Chlorochrysa.nitidissima\final_models_kuenm\\M_2_F_lq_Set_1 samplesfile=C:\humboldt\biomodelos-sdm\Chlorochrysa.nitidissima\occurrences\occ_joint_kuenm.csv environmentallayers=C:\humboldt\biomodelos-sdm\Chlorochrysa.nitidissima\M_variables\Set_1 nowarnings noaskoverwrite nowriteclampgrid nowritemess betamultiplier=2.0 replicatetype=bootstrap noproduct nohinge autorun noextrapolate novisible noautofeature nodoclamp
Species: Chlorochrysa.nitidissima
Layers: elev wc2.1_10m_bio_10_s wc2.1_10m_bio_1_s
Layertypes: Continuous Continuous Continuous
responsecurves: true
outputformat: logistic
outputdirectory: C:\humboldt\biomodelos-sdm\Chlorochrysa.nitidissima\final_models_kuenm\\M_2_F_lq_Set_1
samplesfile: C:\humboldt\biomodelos-sdm\Chlorochrysa.nitidissima\occurrences\occ_joint_kuenm.csv
environmentallayers: C:\humboldt\biomodelos-sdm\Chlorochrysa.nitidissima\M_variables\Set_1
warnings: false
askoverwrite: false
writeclampgrid: false
writemess: false
betamultiplier: 2.0
replicatetype: bootstrap
product: false
hinge: false
autorun: true
extrapolate: false
visible: false
autofeature: false
doclamp: false

getSamples: max memory 1048576000, total allocated 134217728, free 123813744, used 10403984, increment 482384
Making features
makeFeatures: max memory 1048576000, total allocated 134217728, free 123813744, used 10403984, increment 0
Chlorochrysa.nitidissima: 
Regularization values: linear/quadratic/product: 0.184, categorical: 0.250, threshold: 1.470, hinge: 0.500
53 samples
Density: max memory 1048576000, total allocated 134217728, free 123731968, used 10485760, increment 81776
linearPredictor: max memory 1048576000, total allocated 134217728, free 123731968, used 10485760, increment 0
FeaturedSpace: max memory 1048576000, total allocated 134217728, free 123731968, used 10485760, increment 0
Sequential: max memory 1048576000, total allocated 134217728, free 123247552, used 10970176, increment 484416
Initial loss: 6.244166900663736
80: time = 0,031000 loss = 6,051896
Resulting gain: 0.19227048431145377
Time since start: 1.095
Projecting...
Writing file C:\humboldt\biomodelos-sdm\Chlorochrysa.nitidissima\final_models_kuenm\M_2_F_lq_Set_1\Chlorochrysa.nitidissima.asc
Writing C:\humboldt\biomodelos-sdm\Chlorochrysa.nitidissima\final_models_kuenm\M_2_F_lq_Set_1\plots\Chlorochrysa.nitidissima.png
Chlorochrysa.nitidissima response curves
Response curve: only elev
Making features
makeFeatures: max memory 1048576000, total allocated 134217728, free 113169040, used 21048688, increment 10078512
Chlorochrysa.nitidissima elev: 
Regularization values: linear/quadratic/product: 0.184, categorical: 0.250, threshold: 1.470, hinge: 0.500
53 samples
Density: max memory 1048576000, total allocated 134217728, free 113169040, used 21048688, increment 0
linearPredictor: max memory 1048576000, total allocated 134217728, free 113169040, used 21048688, increment 0
FeaturedSpace: max memory 1048576000, total allocated 134217728, free 113169040, used 21048688, increment 0
Sequential: max memory 1048576000, total allocated 134217728, free 113169040, used 21048688, increment 0
Initial loss: 6.244166900663736
60: time = 0,016000 loss = 6,062133
Resulting gain: 0.18203405861170552
Chlorochrysa.nitidissima response curves
Response curve: only wc2.1_10m_bio_10_s
Making features
makeFeatures: max memory 1048576000, total allocated 134217728, free 109090304, used 25127424, increment 4078736
Chlorochrysa.nitidissima wc2.1_10m_bio_10_s: 
Regularization values: linear/quadratic/product: 0.184, categorical: 0.250, threshold: 1.470, hinge: 0.500
53 samples
Density: max memory 1048576000, total allocated 134217728, free 109090304, used 25127424, increment 0
linearPredictor: max memory 1048576000, total allocated 134217728, free 109090304, used 25127424, increment 0
FeaturedSpace: max memory 1048576000, total allocated 134217728, free 109090304, used 25127424, increment 0
Sequential: max memory 1048576000, total allocated 134217728, free 109090304, used 25127424, increment 0
Initial loss: 6.244166900663736
60: time = 0,000000 loss = 6,051896
Resulting gain: 0.19227048431145377
Chlorochrysa.nitidissima response curves
Response curve: only wc2.1_10m_bio_1_s
Making features
makeFeatures: max memory 1048576000, total allocated 134217728, free 104780432, used 29437296, increment 4309872
Chlorochrysa.nitidissima wc2.1_10m_bio_1_s: 
Regularization values: linear/quadratic/product: 0.184, categorical: 0.250, threshold: 1.470, hinge: 0.500
53 samples
Density: max memory 1048576000, total allocated 134217728, free 104780432, used 29437296, increment 0
linearPredictor: max memory 1048576000, total allocated 134217728, free 104780432, used 29437296, increment 0
FeaturedSpace: max memory 1048576000, total allocated 134217728, free 104780432, used 29437296, increment 0
Sequential: max memory 1048576000, total allocated 134217728, free 104780432, used 29437296, increment 0
Initial loss: 6.244166900663736
60: time = 0,016000 loss = 6,058111
Resulting gain: 0.18605636437937534
Chlorochrysa.nitidissima response curves
Ending
