Thu Nov 17 12:12:16 COT 2022
MaxEnt version 3.4.3
Reading file absence
readGrid: max memory 536870912, total allocated 134217728, free 86221056, used 47996672, increment 24117248
Reading samples from presence
Read samples: max memory 536870912, total allocated 134217728, free 86221056, used 47996672, increment 0
Adding samples to background in feature space
Command line used:  autorun -e Chlorochrysa.nitidissima/Temp/maxent/69107283124/absence -o Chlorochrysa.nitidissima/Temp/maxent/69107283124 -s Chlorochrysa.nitidissima/Temp/maxent/69107283124/presence -z noremoveDuplicates noautofeature noquadratic nohinge noproduct nothreshold betamultiplier=1
Command line to repeat: java density.MaxEnt nowarnings noprefixes outputdirectory=Chlorochrysa.nitidissima/Temp/maxent/69107283124 samplesfile=Chlorochrysa.nitidissima/Temp/maxent/69107283124/presence environmentallayers=Chlorochrysa.nitidissima/Temp/maxent/69107283124/absence noremoveduplicates noquadratic noproduct nohinge autorun novisible noautofeature
Species: species
Layers: elev wc2.1_10m_bio_10_s wc2.1_10m_bio_1_s
Layertypes: Continuous Continuous Continuous
outputdirectory: Chlorochrysa.nitidissima/Temp/maxent/69107283124
samplesfile: Chlorochrysa.nitidissima/Temp/maxent/69107283124/presence
environmentallayers: Chlorochrysa.nitidissima/Temp/maxent/69107283124/absence
removeduplicates: false
quadratic: false
product: false
hinge: false
autorun: true
visible: false
autofeature: false

getSamples: max memory 536870912, total allocated 134217728, free 85678320, used 48539408, increment 542736
Making features
makeFeatures: max memory 536870912, total allocated 134217728, free 85172480, used 49045248, increment 505840
species: 
Regularization values: linear/quadratic/product: 0.050, categorical: 0.250, threshold: 1.000, hinge: 0.500
126 samples
Density: max memory 536870912, total allocated 134217728, free 85172480, used 49045248, increment 0
linearPredictor: max memory 536870912, total allocated 134217728, free 85172480, used 49045248, increment 0
FeaturedSpace: max memory 536870912, total allocated 134217728, free 85172480, used 49045248, increment 0
Sequential: max memory 536870912, total allocated 134217728, free 85172480, used 49045248, increment 0
Initial loss: 5.003946305945459
60: time = 0,002000 loss = 4,986777
Resulting gain: 0.017169711612343264
Projecting...
Writing file Chlorochrysa.nitidissima\Temp\maxent\69107283124\species.csv
Ending
