Mon Jun 13 10:51:07 COT 2022
MaxEnt version 3.4.4
Checking header of C:\humboldt\biomodelos-sdm\Cistothorus.apolinari\M_variables\Set_1\elev.asc
Checking header of C:\humboldt\biomodelos-sdm\Cistothorus.apolinari\M_variables\Set_1\wc2.1_10m_bio_10_s.asc
Checking header of C:\humboldt\biomodelos-sdm\Cistothorus.apolinari\M_variables\Set_1\wc2.1_10m_bio_1_s.asc
Reading samples from occ_joint_kuenm.csv
Read samples: max memory 1048576000, total allocated 134217728, free 124842344, used 9375384, increment 9375384
Extractor: max memory 1048576000, total allocated 134217728, free 124842344, used 9375384, increment 0
Extracting random background and sample data
196 points with values for all grids
Adding samples to background in feature space
Command line used:  environmentallayers=C:\humboldt\biomodelos-sdm\Cistothorus.apolinari\M_variables\Set_1 samplesfile=C:\humboldt\biomodelos-sdm\Cistothorus.apolinari\occurrences\occ_joint_kuenm.csv outputdirectory=C:\humboldt\biomodelos-sdm\Cistothorus.apolinari\final_models_kuenm\\M_1_F_l_Set_1 betamultiplier=1 autofeature=false linear=true quadratic=false product=false threshold=false hinge=false replicates=1 replicatetype=Bootstrap jackknife=false outputformat=logistic extrapolate=false doclamp=false writeclampgrid=false writemess=false responsecurves=true warnings=false visible=false redoifexists autorun
Command line to repeat: java density.MaxEnt nowarnings noprefixes responsecurves outputformat=logistic outputdirectory=C:\humboldt\biomodelos-sdm\Cistothorus.apolinari\final_models_kuenm\\M_1_F_l_Set_1 samplesfile=C:\humboldt\biomodelos-sdm\Cistothorus.apolinari\occurrences\occ_joint_kuenm.csv environmentallayers=C:\humboldt\biomodelos-sdm\Cistothorus.apolinari\M_variables\Set_1 nowarnings noaskoverwrite nowriteclampgrid nowritemess replicatetype=bootstrap noquadratic noproduct nohinge autorun noextrapolate novisible noautofeature nodoclamp
Species: Cistothorus.apolinari
Layers: elev wc2.1_10m_bio_10_s wc2.1_10m_bio_1_s
Layertypes: Continuous Continuous Continuous
responsecurves: true
outputformat: logistic
outputdirectory: C:\humboldt\biomodelos-sdm\Cistothorus.apolinari\final_models_kuenm\\M_1_F_l_Set_1
samplesfile: C:\humboldt\biomodelos-sdm\Cistothorus.apolinari\occurrences\occ_joint_kuenm.csv
environmentallayers: C:\humboldt\biomodelos-sdm\Cistothorus.apolinari\M_variables\Set_1
warnings: false
askoverwrite: false
writeclampgrid: false
writemess: false
replicatetype: bootstrap
quadratic: false
product: false
hinge: false
autorun: true
extrapolate: false
visible: false
autofeature: false
doclamp: false

getSamples: max memory 1048576000, total allocated 134217728, free 124296112, used 9921616, increment 546232
Making features
makeFeatures: max memory 1048576000, total allocated 134217728, free 124296112, used 9921616, increment 0
Cistothorus.apolinari: 
Regularization values: linear/quadratic/product: 0.600, categorical: 0.250, threshold: 1.800, hinge: 0.500
20 samples
Density: max memory 1048576000, total allocated 134217728, free 124296112, used 9921616, increment 0
linearPredictor: max memory 1048576000, total allocated 134217728, free 124296112, used 9921616, increment 0
FeaturedSpace: max memory 1048576000, total allocated 134217728, free 124296112, used 9921616, increment 0
Sequential: max memory 1048576000, total allocated 134217728, free 124296112, used 9921616, increment 0
Initial loss: 5.278114659230517
60: time = 0,026000 loss = 4,535120
Resulting gain: 0.7429945438124932
Time since start: 1.209
Projecting...
Writing file C:\humboldt\biomodelos-sdm\Cistothorus.apolinari\final_models_kuenm\M_1_F_l_Set_1\Cistothorus.apolinari.asc
Writing C:\humboldt\biomodelos-sdm\Cistothorus.apolinari\final_models_kuenm\M_1_F_l_Set_1\plots\Cistothorus.apolinari.png
Cistothorus.apolinari response curves
Response curve: only elev
Making features
makeFeatures: max memory 1048576000, total allocated 134217728, free 90537984, used 43679744, increment 33758128
Cistothorus.apolinari elev: 
Regularization values: linear/quadratic/product: 0.600, categorical: 0.250, threshold: 1.800, hinge: 0.500
20 samples
Density: max memory 1048576000, total allocated 134217728, free 90537984, used 43679744, increment 0
linearPredictor: max memory 1048576000, total allocated 134217728, free 90537984, used 43679744, increment 0
FeaturedSpace: max memory 1048576000, total allocated 134217728, free 90537984, used 43679744, increment 0
Sequential: max memory 1048576000, total allocated 134217728, free 90537984, used 43679744, increment 0
Initial loss: 5.278114659230517
60: time = 0,007000 loss = 4,535120
Resulting gain: 0.7429945438124941
Cistothorus.apolinari response curves
Response curve: only wc2.1_10m_bio_10_s
Making features
makeFeatures: max memory 1048576000, total allocated 134217728, free 86343680, used 47874048, increment 4194304
Cistothorus.apolinari wc2.1_10m_bio_10_s: 
Regularization values: linear/quadratic/product: 0.600, categorical: 0.250, threshold: 1.800, hinge: 0.500
20 samples
Density: max memory 1048576000, total allocated 134217728, free 86343680, used 47874048, increment 0
linearPredictor: max memory 1048576000, total allocated 134217728, free 86343680, used 47874048, increment 0
FeaturedSpace: max memory 1048576000, total allocated 134217728, free 86343680, used 47874048, increment 0
Sequential: max memory 1048576000, total allocated 134217728, free 86343680, used 47874048, increment 0
Initial loss: 5.278114659230517
60: time = 0,005000 loss = 4,564600
Resulting gain: 0.7135148550882127
Cistothorus.apolinari response curves
Response curve: only wc2.1_10m_bio_1_s
Making features
makeFeatures: max memory 1048576000, total allocated 134217728, free 113038624, used 21179104, increment -26694944
Cistothorus.apolinari wc2.1_10m_bio_1_s: 
Regularization values: linear/quadratic/product: 0.600, categorical: 0.250, threshold: 1.800, hinge: 0.500
20 samples
Density: max memory 1048576000, total allocated 134217728, free 113038624, used 21179104, increment 0
linearPredictor: max memory 1048576000, total allocated 134217728, free 113038624, used 21179104, increment 0
FeaturedSpace: max memory 1048576000, total allocated 134217728, free 113038624, used 21179104, increment 0
Sequential: max memory 1048576000, total allocated 134217728, free 113038624, used 21179104, increment 0
Initial loss: 5.278114659230517
60: time = 0,006000 loss = 4,563825
Resulting gain: 0.714289321338681
Cistothorus.apolinari response curves
Ending
