Mon Jun 13 10:33:13 COT 2022
MaxEnt version 3.4.4
Checking header of C:\humboldt\biomodelos-sdm\Chlorochrysa.nitidissima\M_variables\Set_1\elev.asc
Checking header of C:\humboldt\biomodelos-sdm\Chlorochrysa.nitidissima\M_variables\Set_1\wc2.1_10m_bio_10_s.asc
Checking header of C:\humboldt\biomodelos-sdm\Chlorochrysa.nitidissima\M_variables\Set_1\wc2.1_10m_bio_1_s.asc
Reading samples from occ_joint_kuenm.csv
Read samples: max memory 1048576000, total allocated 134217728, free 124845856, used 9371872, increment 9371872
Extractor: max memory 1048576000, total allocated 134217728, free 124296120, used 9921608, increment 549736
Extracting random background and sample data
319 points with values for all grids
Adding samples to background in feature space
Command line used:  environmentallayers=C:\humboldt\biomodelos-sdm\Chlorochrysa.nitidissima\M_variables\Set_1 samplesfile=C:\humboldt\biomodelos-sdm\Chlorochrysa.nitidissima\occurrences\occ_joint_kuenm.csv outputdirectory=C:\humboldt\biomodelos-sdm\Chlorochrysa.nitidissima\final_models_kuenm\\M_2_F_qp_Set_1 betamultiplier=2 autofeature=false linear=false quadratic=true product=true threshold=false hinge=false replicates=1 replicatetype=Bootstrap jackknife=false outputformat=logistic extrapolate=false doclamp=false writeclampgrid=false writemess=false responsecurves=true warnings=false visible=false redoifexists autorun
Command line to repeat: java density.MaxEnt nowarnings noprefixes responsecurves outputformat=logistic outputdirectory=C:\humboldt\biomodelos-sdm\Chlorochrysa.nitidissima\final_models_kuenm\\M_2_F_qp_Set_1 samplesfile=C:\humboldt\biomodelos-sdm\Chlorochrysa.nitidissima\occurrences\occ_joint_kuenm.csv environmentallayers=C:\humboldt\biomodelos-sdm\Chlorochrysa.nitidissima\M_variables\Set_1 nowarnings noaskoverwrite nowriteclampgrid nowritemess betamultiplier=2.0 replicatetype=bootstrap nolinear nohinge autorun noextrapolate novisible noautofeature nodoclamp
Species: Chlorochrysa.nitidissima
Layers: elev wc2.1_10m_bio_10_s wc2.1_10m_bio_1_s
Layertypes: Continuous Continuous Continuous
responsecurves: true
outputformat: logistic
outputdirectory: C:\humboldt\biomodelos-sdm\Chlorochrysa.nitidissima\final_models_kuenm\\M_2_F_qp_Set_1
samplesfile: C:\humboldt\biomodelos-sdm\Chlorochrysa.nitidissima\occurrences\occ_joint_kuenm.csv
environmentallayers: C:\humboldt\biomodelos-sdm\Chlorochrysa.nitidissima\M_variables\Set_1
warnings: false
askoverwrite: false
writeclampgrid: false
writemess: false
betamultiplier: 2.0
replicatetype: bootstrap
linear: false
hinge: false
autorun: true
extrapolate: false
visible: false
autofeature: false
doclamp: false

getSamples: max memory 1048576000, total allocated 134217728, free 124296120, used 9921608, increment 0
Making features
makeFeatures: max memory 1048576000, total allocated 134217728, free 124296120, used 9921608, increment 0
Chlorochrysa.nitidissima: 
Regularization values: linear/quadratic/product: 0.529, categorical: 0.250, threshold: 1.670, hinge: 0.500
33 samples
Density: max memory 1048576000, total allocated 134217728, free 123776728, used 10441000, increment 519392
linearPredictor: max memory 1048576000, total allocated 134217728, free 123776728, used 10441000, increment 0
FeaturedSpace: max memory 1048576000, total allocated 134217728, free 123776728, used 10441000, increment 0
Sequential: max memory 1048576000, total allocated 134217728, free 123776728, used 10441000, increment 0
Initial loss: 5.765191102784844
60: time = 0,026000 loss = 5,614531
Resulting gain: 0.15066054098051396
Time since start: 1.068
Projecting...
Writing file C:\humboldt\biomodelos-sdm\Chlorochrysa.nitidissima\final_models_kuenm\M_2_F_qp_Set_1\Chlorochrysa.nitidissima.asc
Writing C:\humboldt\biomodelos-sdm\Chlorochrysa.nitidissima\final_models_kuenm\M_2_F_qp_Set_1\plots\Chlorochrysa.nitidissima.png
Chlorochrysa.nitidissima response curves
Response curve: only elev
Making features
makeFeatures: max memory 1048576000, total allocated 134217728, free 93111808, used 41105920, increment 30664920
Chlorochrysa.nitidissima elev: 
Regularization values: linear/quadratic/product: 0.529, categorical: 0.250, threshold: 1.670, hinge: 0.500
33 samples
Density: max memory 1048576000, total allocated 134217728, free 93111808, used 41105920, increment 0
linearPredictor: max memory 1048576000, total allocated 134217728, free 93111808, used 41105920, increment 0
FeaturedSpace: max memory 1048576000, total allocated 134217728, free 93111808, used 41105920, increment 0
Sequential: max memory 1048576000, total allocated 134217728, free 93111808, used 41105920, increment 0
Initial loss: 5.765191102784844
60: time = 0,021000 loss = 5,763861
Resulting gain: 0.001330551887273046
Chlorochrysa.nitidissima response curves
Response curve: only wc2.1_10m_bio_10_s
Making features
makeFeatures: max memory 1048576000, total allocated 134217728, free 89443840, used 44773888, increment 3667968
Chlorochrysa.nitidissima wc2.1_10m_bio_10_s: 
Regularization values: linear/quadratic/product: 0.529, categorical: 0.250, threshold: 1.670, hinge: 0.500
33 samples
Density: max memory 1048576000, total allocated 134217728, free 89443840, used 44773888, increment 0
linearPredictor: max memory 1048576000, total allocated 134217728, free 89443840, used 44773888, increment 0
FeaturedSpace: max memory 1048576000, total allocated 134217728, free 89443840, used 44773888, increment 0
Sequential: max memory 1048576000, total allocated 134217728, free 89443840, used 44773888, increment 0
Initial loss: 5.765191102784844
60: time = 0,016000 loss = 5,708946
Resulting gain: 0.05624502729283343
Chlorochrysa.nitidissima response curves
Response curve: only wc2.1_10m_bio_1_s
Making features
makeFeatures: max memory 1048576000, total allocated 134217728, free 85249536, used 48968192, increment 4194304
Chlorochrysa.nitidissima wc2.1_10m_bio_1_s: 
Regularization values: linear/quadratic/product: 0.529, categorical: 0.250, threshold: 1.670, hinge: 0.500
33 samples
Density: max memory 1048576000, total allocated 134217728, free 85249536, used 48968192, increment 0
linearPredictor: max memory 1048576000, total allocated 134217728, free 85249536, used 48968192, increment 0
FeaturedSpace: max memory 1048576000, total allocated 134217728, free 85249536, used 48968192, increment 0
Sequential: max memory 1048576000, total allocated 134217728, free 85249536, used 48968192, increment 0
Initial loss: 5.765191102784844
60: time = 0,004000 loss = 5,710779
Resulting gain: 0.05441191243554133
Chlorochrysa.nitidissima response curves
Ending
