Thu Nov 17 15:26:33 COT 2022
MaxEnt version 3.4.3
Reading file absence
readGrid: max memory 536870912, total allocated 134217728, free 110909880, used 23307848, increment -69953760
Reading samples from presence
Read samples: max memory 536870912, total allocated 134217728, free 110909880, used 23307848, increment 0
Adding samples to background in feature space
Command line used:  autorun -e Chlorochrysa.nitidissima/Temp/maxent/10570489591/absence -o Chlorochrysa.nitidissima/Temp/maxent/10570489591 -s Chlorochrysa.nitidissima/Temp/maxent/10570489591/presence -z noremoveDuplicates noautofeature noquadratic nohinge noproduct nothreshold betamultiplier=1
Command line to repeat: java density.MaxEnt nowarnings noprefixes outputdirectory=Chlorochrysa.nitidissima/Temp/maxent/10570489591 samplesfile=Chlorochrysa.nitidissima/Temp/maxent/10570489591/presence environmentallayers=Chlorochrysa.nitidissima/Temp/maxent/10570489591/absence noremoveduplicates noquadratic noproduct nohinge autorun novisible noautofeature
Species: species
Layers: elev wc2.1_10m_bio_10_s wc2.1_10m_bio_1_s
Layertypes: Continuous Continuous Continuous
outputdirectory: Chlorochrysa.nitidissima/Temp/maxent/10570489591
samplesfile: Chlorochrysa.nitidissima/Temp/maxent/10570489591/presence
environmentallayers: Chlorochrysa.nitidissima/Temp/maxent/10570489591/absence
removeduplicates: false
quadratic: false
product: false
hinge: false
autorun: true
visible: false
autofeature: false

getSamples: max memory 536870912, total allocated 134217728, free 109861304, used 24356424, increment 1048576
Making features
makeFeatures: max memory 536870912, total allocated 134217728, free 109861304, used 24356424, increment 0
species: 
Regularization values: linear/quadratic/product: 0.050, categorical: 0.250, threshold: 1.000, hinge: 0.500
126 samples
Density: max memory 536870912, total allocated 134217728, free 109861304, used 24356424, increment 0
linearPredictor: max memory 536870912, total allocated 134217728, free 109861304, used 24356424, increment 0
FeaturedSpace: max memory 536870912, total allocated 134217728, free 109861304, used 24356424, increment 0
Sequential: max memory 536870912, total allocated 134217728, free 109861304, used 24356424, increment 0
Initial loss: 5.030437921392435
60: time = 0,001000 loss = 4,970292
Resulting gain: 0.060146056135723214
Projecting...
Writing file Chlorochrysa.nitidissima\Temp\maxent\10570489591\species.csv
Ending
