Mon Jun 13 10:51:14 COT 2022
MaxEnt version 3.4.4
Checking header of C:\humboldt\biomodelos-sdm\Cistothorus.apolinari\M_variables\Set_1\elev.asc
Checking header of C:\humboldt\biomodelos-sdm\Cistothorus.apolinari\M_variables\Set_1\wc2.1_10m_bio_10_s.asc
Checking header of C:\humboldt\biomodelos-sdm\Cistothorus.apolinari\M_variables\Set_1\wc2.1_10m_bio_1_s.asc
Reading samples from occ_joint_kuenm.csv
Read samples: max memory 1048576000, total allocated 134217728, free 124842344, used 9375384, increment 9375384
Extractor: max memory 1048576000, total allocated 134217728, free 124842344, used 9375384, increment 0
Extracting random background and sample data
196 points with values for all grids
Adding samples to background in feature space
Command line used:  environmentallayers=C:\humboldt\biomodelos-sdm\Cistothorus.apolinari\M_variables\Set_1 samplesfile=C:\humboldt\biomodelos-sdm\Cistothorus.apolinari\occurrences\occ_joint_kuenm.csv outputdirectory=C:\humboldt\biomodelos-sdm\Cistothorus.apolinari\final_models_kuenm\\M_1_F_qp_Set_1 betamultiplier=1 autofeature=false linear=false quadratic=true product=true threshold=false hinge=false replicates=1 replicatetype=Bootstrap jackknife=false outputformat=logistic extrapolate=false doclamp=false writeclampgrid=false writemess=false responsecurves=true warnings=false visible=false redoifexists autorun
Command line to repeat: java density.MaxEnt nowarnings noprefixes responsecurves outputformat=logistic outputdirectory=C:\humboldt\biomodelos-sdm\Cistothorus.apolinari\final_models_kuenm\\M_1_F_qp_Set_1 samplesfile=C:\humboldt\biomodelos-sdm\Cistothorus.apolinari\occurrences\occ_joint_kuenm.csv environmentallayers=C:\humboldt\biomodelos-sdm\Cistothorus.apolinari\M_variables\Set_1 nowarnings noaskoverwrite nowriteclampgrid nowritemess replicatetype=bootstrap nolinear nohinge autorun noextrapolate novisible noautofeature nodoclamp
Species: Cistothorus.apolinari
Layers: elev wc2.1_10m_bio_10_s wc2.1_10m_bio_1_s
Layertypes: Continuous Continuous Continuous
responsecurves: true
outputformat: logistic
outputdirectory: C:\humboldt\biomodelos-sdm\Cistothorus.apolinari\final_models_kuenm\\M_1_F_qp_Set_1
samplesfile: C:\humboldt\biomodelos-sdm\Cistothorus.apolinari\occurrences\occ_joint_kuenm.csv
environmentallayers: C:\humboldt\biomodelos-sdm\Cistothorus.apolinari\M_variables\Set_1
warnings: false
askoverwrite: false
writeclampgrid: false
writemess: false
replicatetype: bootstrap
linear: false
hinge: false
autorun: true
extrapolate: false
visible: false
autofeature: false
doclamp: false

getSamples: max memory 1048576000, total allocated 134217728, free 124296112, used 9921616, increment 546232
Making features
makeFeatures: max memory 1048576000, total allocated 134217728, free 124296112, used 9921616, increment 0
Cistothorus.apolinari: 
Regularization values: linear/quadratic/product: 0.819, categorical: 0.250, threshold: 1.800, hinge: 0.500
20 samples
Density: max memory 1048576000, total allocated 134217728, free 124296112, used 9921616, increment 0
linearPredictor: max memory 1048576000, total allocated 134217728, free 124296112, used 9921616, increment 0
FeaturedSpace: max memory 1048576000, total allocated 134217728, free 124296112, used 9921616, increment 0
Sequential: max memory 1048576000, total allocated 134217728, free 123813744, used 10403984, increment 482368
Initial loss: 5.278114659230517
120: time = 0,043000 loss = 4,527481
Resulting gain: 0.7506341386373476
Time since start: 1.105
Projecting...
Writing file C:\humboldt\biomodelos-sdm\Cistothorus.apolinari\final_models_kuenm\M_1_F_qp_Set_1\Cistothorus.apolinari.asc
Writing C:\humboldt\biomodelos-sdm\Cistothorus.apolinari\final_models_kuenm\M_1_F_qp_Set_1\plots\Cistothorus.apolinari.png
Cistothorus.apolinari response curves
Response curve: only elev
Making features
makeFeatures: max memory 1048576000, total allocated 134217728, free 90537984, used 43679744, increment 33275760
Cistothorus.apolinari elev: 
Regularization values: linear/quadratic/product: 0.819, categorical: 0.250, threshold: 1.800, hinge: 0.500
20 samples
Density: max memory 1048576000, total allocated 134217728, free 90537984, used 43679744, increment 0
linearPredictor: max memory 1048576000, total allocated 134217728, free 90537984, used 43679744, increment 0
FeaturedSpace: max memory 1048576000, total allocated 134217728, free 90537984, used 43679744, increment 0
Sequential: max memory 1048576000, total allocated 134217728, free 90537984, used 43679744, increment 0
Initial loss: 5.278114659230517
60: time = 0,004000 loss = 4,652259
Resulting gain: 0.6258560680538681
Cistothorus.apolinari response curves
Response curve: only wc2.1_10m_bio_10_s
Making features
makeFeatures: max memory 1048576000, total allocated 134217728, free 86343680, used 47874048, increment 4194304
Cistothorus.apolinari wc2.1_10m_bio_10_s: 
Regularization values: linear/quadratic/product: 0.819, categorical: 0.250, threshold: 1.800, hinge: 0.500
20 samples
Density: max memory 1048576000, total allocated 134217728, free 86343680, used 47874048, increment 0
linearPredictor: max memory 1048576000, total allocated 134217728, free 86343680, used 47874048, increment 0
FeaturedSpace: max memory 1048576000, total allocated 134217728, free 86343680, used 47874048, increment 0
Sequential: max memory 1048576000, total allocated 134217728, free 86343680, used 47874048, increment 0
Initial loss: 5.278114659230517
60: time = 0,007000 loss = 4,530283
Resulting gain: 0.7478315132261724
Cistothorus.apolinari response curves
Response curve: only wc2.1_10m_bio_1_s
Making features
makeFeatures: max memory 1048576000, total allocated 134217728, free 112481088, used 21736640, increment -26137408
Cistothorus.apolinari wc2.1_10m_bio_1_s: 
Regularization values: linear/quadratic/product: 0.819, categorical: 0.250, threshold: 1.800, hinge: 0.500
20 samples
Density: max memory 1048576000, total allocated 134217728, free 112481088, used 21736640, increment 0
linearPredictor: max memory 1048576000, total allocated 134217728, free 112481088, used 21736640, increment 0
FeaturedSpace: max memory 1048576000, total allocated 134217728, free 112481088, used 21736640, increment 0
Sequential: max memory 1048576000, total allocated 134217728, free 112481088, used 21736640, increment 0
Initial loss: 5.278114659230517
60: time = 0,005000 loss = 4,527481
Resulting gain: 0.7506341386373476
Cistothorus.apolinari response curves
Ending
