Wed Jun 08 17:17:45 COT 2022
MaxEnt version 3.4.4
Checking header of C:\humboldt\biomodelos-sdm\Chlorochrysa.nitidissima\M_variables\Set_1\elev.asc
Checking header of C:\humboldt\biomodelos-sdm\Chlorochrysa.nitidissima\M_variables\Set_1\wc2.1_10m_bio_10_s.asc
Checking header of C:\humboldt\biomodelos-sdm\Chlorochrysa.nitidissima\M_variables\Set_1\wc2.1_10m_bio_1_s.asc
Reading samples from occ_joint_kuenm.csv
Read samples: max memory 1048576000, total allocated 134217728, free 124862320, used 9355408, increment 9355408
Extractor: max memory 1048576000, total allocated 134217728, free 124296120, used 9921608, increment 566200
Extracting random background and sample data
515 points with values for all grids
Adding samples to background in feature space
Command line used:  environmentallayers=C:\humboldt\biomodelos-sdm\Chlorochrysa.nitidissima\M_variables\Set_1 samplesfile=C:\humboldt\biomodelos-sdm\Chlorochrysa.nitidissima\occurrences\occ_joint_kuenm.csv outputdirectory=C:\humboldt\biomodelos-sdm\Chlorochrysa.nitidissima\final_models_kuenm\\M_5_F_qt_Set_1 betamultiplier=5 autofeature=false linear=false quadratic=true product=false threshold=true hinge=false replicates=1 replicatetype=Bootstrap jackknife=false outputformat=logistic extrapolate=false doclamp=false writeclampgrid=false writemess=false responsecurves=true warnings=false visible=false redoifexists autorun
Command line to repeat: java density.MaxEnt nowarnings noprefixes responsecurves outputformat=logistic outputdirectory=C:\humboldt\biomodelos-sdm\Chlorochrysa.nitidissima\final_models_kuenm\\M_5_F_qt_Set_1 samplesfile=C:\humboldt\biomodelos-sdm\Chlorochrysa.nitidissima\occurrences\occ_joint_kuenm.csv environmentallayers=C:\humboldt\biomodelos-sdm\Chlorochrysa.nitidissima\M_variables\Set_1 nowarnings noaskoverwrite nowriteclampgrid nowritemess betamultiplier=5.0 replicatetype=bootstrap nolinear noproduct threshold nohinge autorun noextrapolate novisible noautofeature nodoclamp
Species: Chlorochrysa.nitidissima
Layers: elev wc2.1_10m_bio_10_s wc2.1_10m_bio_1_s
Layertypes: Continuous Continuous Continuous
responsecurves: true
outputformat: logistic
outputdirectory: C:\humboldt\biomodelos-sdm\Chlorochrysa.nitidissima\final_models_kuenm\\M_5_F_qt_Set_1
samplesfile: C:\humboldt\biomodelos-sdm\Chlorochrysa.nitidissima\occurrences\occ_joint_kuenm.csv
environmentallayers: C:\humboldt\biomodelos-sdm\Chlorochrysa.nitidissima\M_variables\Set_1
warnings: false
askoverwrite: false
writeclampgrid: false
writemess: false
betamultiplier: 5.0
replicatetype: bootstrap
linear: false
product: false
threshold: true
hinge: false
autorun: true
extrapolate: false
visible: false
autofeature: false
doclamp: false

getSamples: max memory 1048576000, total allocated 134217728, free 123813736, used 10403992, increment 482384
Making features
makeFeatures: max memory 1048576000, total allocated 134217728, free 123813736, used 10403992, increment 0
Chlorochrysa.nitidissima: 
Regularization values: linear/quadratic/product: 0.184, categorical: 0.250, threshold: 1.470, hinge: 0.500
53 samples
Density: max memory 1048576000, total allocated 134217728, free 123247528, used 10970200, increment 566208
linearPredictor: max memory 1048576000, total allocated 134217728, free 123247528, used 10970200, increment 0
FeaturedSpace: max memory 1048576000, total allocated 134217728, free 123247528, used 10970200, increment 0
Sequential: max memory 1048576000, total allocated 134217728, free 123247528, used 10970200, increment 0
Initial loss: 6.244166900663736
80: time = 0,080000 loss = 6,088392
Resulting gain: 0.15577440263018794
Time since start: 1.091
Projecting...
Writing file C:\humboldt\biomodelos-sdm\Chlorochrysa.nitidissima\final_models_kuenm\M_5_F_qt_Set_1\Chlorochrysa.nitidissima.asc
Writing C:\humboldt\biomodelos-sdm\Chlorochrysa.nitidissima\final_models_kuenm\M_5_F_qt_Set_1\plots\Chlorochrysa.nitidissima.png
Chlorochrysa.nitidissima response curves
Response curve: only elev
Making features
makeFeatures: max memory 1048576000, total allocated 134217728, free 106928496, used 27289232, increment 16319032
Chlorochrysa.nitidissima elev: 
Regularization values: linear/quadratic/product: 0.184, categorical: 0.250, threshold: 1.470, hinge: 0.500
53 samples
Density: max memory 1048576000, total allocated 134217728, free 106928496, used 27289232, increment 0
linearPredictor: max memory 1048576000, total allocated 134217728, free 106928496, used 27289232, increment 0
FeaturedSpace: max memory 1048576000, total allocated 134217728, free 106928496, used 27289232, increment 0
Sequential: max memory 1048576000, total allocated 134217728, free 106928496, used 27289232, increment 0
Initial loss: 6.244166900663736
80: time = 0,017000 loss = 6,124007
Resulting gain: 0.12016021324895565
Chlorochrysa.nitidissima response curves
Response curve: only wc2.1_10m_bio_10_s
Making features
makeFeatures: max memory 1048576000, total allocated 134217728, free 99704032, used 34513696, increment 7224464
Chlorochrysa.nitidissima wc2.1_10m_bio_10_s: 
Regularization values: linear/quadratic/product: 0.184, categorical: 0.250, threshold: 1.470, hinge: 0.500
53 samples
Density: max memory 1048576000, total allocated 134217728, free 99206392, used 35011336, increment 497640
linearPredictor: max memory 1048576000, total allocated 134217728, free 99206392, used 35011336, increment 0
FeaturedSpace: max memory 1048576000, total allocated 134217728, free 99206392, used 35011336, increment 0
Sequential: max memory 1048576000, total allocated 134217728, free 99206392, used 35011336, increment 0
Initial loss: 6.244166900663736
80: time = 0,008000 loss = 6,088392
Resulting gain: 0.15577440263018794
Chlorochrysa.nitidissima response curves
Response curve: only wc2.1_10m_bio_1_s
Making features
makeFeatures: max memory 1048576000, total allocated 134217728, free 92248432, used 41969296, increment 6957960
Chlorochrysa.nitidissima wc2.1_10m_bio_1_s: 
Regularization values: linear/quadratic/product: 0.184, categorical: 0.250, threshold: 1.470, hinge: 0.500
53 samples
Density: max memory 1048576000, total allocated 134217728, free 92248432, used 41969296, increment 0
linearPredictor: max memory 1048576000, total allocated 134217728, free 92248432, used 41969296, increment 0
FeaturedSpace: max memory 1048576000, total allocated 134217728, free 92248432, used 41969296, increment 0
Sequential: max memory 1048576000, total allocated 134217728, free 92248432, used 41969296, increment 0
Initial loss: 6.244166900663736
80: time = 0,021000 loss = 6,094368
Resulting gain: 0.14979923927872107
Chlorochrysa.nitidissima response curves
Ending
