Mon Jun 13 10:33:18 COT 2022
MaxEnt version 3.4.4
Checking header of C:\humboldt\biomodelos-sdm\Chlorochrysa.nitidissima\M_variables\Set_1\elev.asc
Checking header of C:\humboldt\biomodelos-sdm\Chlorochrysa.nitidissima\M_variables\Set_1\wc2.1_10m_bio_10_s.asc
Checking header of C:\humboldt\biomodelos-sdm\Chlorochrysa.nitidissima\M_variables\Set_1\wc2.1_10m_bio_1_s.asc
Reading samples from occ_joint_kuenm.csv
Read samples: max memory 1048576000, total allocated 134217728, free 124845856, used 9371872, increment 9371872
Extractor: max memory 1048576000, total allocated 134217728, free 124296120, used 9921608, increment 549736
Extracting random background and sample data
319 points with values for all grids
Adding samples to background in feature space
Command line used:  environmentallayers=C:\humboldt\biomodelos-sdm\Chlorochrysa.nitidissima\M_variables\Set_1 samplesfile=C:\humboldt\biomodelos-sdm\Chlorochrysa.nitidissima\occurrences\occ_joint_kuenm.csv outputdirectory=C:\humboldt\biomodelos-sdm\Chlorochrysa.nitidissima\final_models_kuenm\\M_3_F_lp_Set_1 betamultiplier=3 autofeature=false linear=true quadratic=false product=true threshold=false hinge=false replicates=1 replicatetype=Bootstrap jackknife=false outputformat=logistic extrapolate=false doclamp=false writeclampgrid=false writemess=false responsecurves=true warnings=false visible=false redoifexists autorun
Command line to repeat: java density.MaxEnt nowarnings noprefixes responsecurves outputformat=logistic outputdirectory=C:\humboldt\biomodelos-sdm\Chlorochrysa.nitidissima\final_models_kuenm\\M_3_F_lp_Set_1 samplesfile=C:\humboldt\biomodelos-sdm\Chlorochrysa.nitidissima\occurrences\occ_joint_kuenm.csv environmentallayers=C:\humboldt\biomodelos-sdm\Chlorochrysa.nitidissima\M_variables\Set_1 nowarnings noaskoverwrite nowriteclampgrid nowritemess betamultiplier=3.0 replicatetype=bootstrap noquadratic nohinge autorun noextrapolate novisible noautofeature nodoclamp
Species: Chlorochrysa.nitidissima
Layers: elev wc2.1_10m_bio_10_s wc2.1_10m_bio_1_s
Layertypes: Continuous Continuous Continuous
responsecurves: true
outputformat: logistic
outputdirectory: C:\humboldt\biomodelos-sdm\Chlorochrysa.nitidissima\final_models_kuenm\\M_3_F_lp_Set_1
samplesfile: C:\humboldt\biomodelos-sdm\Chlorochrysa.nitidissima\occurrences\occ_joint_kuenm.csv
environmentallayers: C:\humboldt\biomodelos-sdm\Chlorochrysa.nitidissima\M_variables\Set_1
warnings: false
askoverwrite: false
writeclampgrid: false
writemess: false
betamultiplier: 3.0
replicatetype: bootstrap
quadratic: false
hinge: false
autorun: true
extrapolate: false
visible: false
autofeature: false
doclamp: false

getSamples: max memory 1048576000, total allocated 134217728, free 124296120, used 9921608, increment 0
Making features
makeFeatures: max memory 1048576000, total allocated 134217728, free 124296120, used 9921608, increment 0
Chlorochrysa.nitidissima: 
Regularization values: linear/quadratic/product: 0.529, categorical: 0.250, threshold: 1.670, hinge: 0.500
33 samples
Density: max memory 1048576000, total allocated 134217728, free 123806592, used 10411136, increment 489528
linearPredictor: max memory 1048576000, total allocated 134217728, free 123806592, used 10411136, increment 0
FeaturedSpace: max memory 1048576000, total allocated 134217728, free 123806592, used 10411136, increment 0
Sequential: max memory 1048576000, total allocated 134217728, free 123806592, used 10411136, increment 0
Initial loss: 5.765191102784844
60: time = 0,035000 loss = 5,635670
Resulting gain: 0.12952103765465495
Time since start: 1.233
Projecting...
Writing file C:\humboldt\biomodelos-sdm\Chlorochrysa.nitidissima\final_models_kuenm\M_3_F_lp_Set_1\Chlorochrysa.nitidissima.asc
Writing C:\humboldt\biomodelos-sdm\Chlorochrysa.nitidissima\final_models_kuenm\M_3_F_lp_Set_1\plots\Chlorochrysa.nitidissima.png
Chlorochrysa.nitidissima response curves
Response curve: only elev
Making features
makeFeatures: max memory 1048576000, total allocated 134217728, free 92646912, used 41570816, increment 31159680
Chlorochrysa.nitidissima elev: 
Regularization values: linear/quadratic/product: 0.529, categorical: 0.250, threshold: 1.670, hinge: 0.500
33 samples
Density: max memory 1048576000, total allocated 134217728, free 92646912, used 41570816, increment 0
linearPredictor: max memory 1048576000, total allocated 134217728, free 92646912, used 41570816, increment 0
FeaturedSpace: max memory 1048576000, total allocated 134217728, free 92646912, used 41570816, increment 0
Sequential: max memory 1048576000, total allocated 134217728, free 92646912, used 41570816, increment 0
Initial loss: 5.765191102784844
60: time = 0,016000 loss = 5,744283
Resulting gain: 0.020908170621299682
Chlorochrysa.nitidissima response curves
Response curve: only wc2.1_10m_bio_10_s
Making features
makeFeatures: max memory 1048576000, total allocated 134217728, free 88974480, used 45243248, increment 3672432
Chlorochrysa.nitidissima wc2.1_10m_bio_10_s: 
Regularization values: linear/quadratic/product: 0.529, categorical: 0.250, threshold: 1.670, hinge: 0.500
33 samples
Density: max memory 1048576000, total allocated 134217728, free 88974480, used 45243248, increment 0
linearPredictor: max memory 1048576000, total allocated 134217728, free 88974480, used 45243248, increment 0
FeaturedSpace: max memory 1048576000, total allocated 134217728, free 88974480, used 45243248, increment 0
Sequential: max memory 1048576000, total allocated 134217728, free 88974480, used 45243248, increment 0
Initial loss: 5.765191102784844
60: time = 0,008000 loss = 5,749975
Resulting gain: 0.01521581568507191
Chlorochrysa.nitidissima response curves
Response curve: only wc2.1_10m_bio_1_s
Making features
makeFeatures: max memory 1048576000, total allocated 134217728, free 114959264, used 19258464, increment -25984784
Chlorochrysa.nitidissima wc2.1_10m_bio_1_s: 
Regularization values: linear/quadratic/product: 0.529, categorical: 0.250, threshold: 1.670, hinge: 0.500
33 samples
Density: max memory 1048576000, total allocated 134217728, free 114959264, used 19258464, increment 0
linearPredictor: max memory 1048576000, total allocated 134217728, free 114959264, used 19258464, increment 0
FeaturedSpace: max memory 1048576000, total allocated 134217728, free 114959264, used 19258464, increment 0
Sequential: max memory 1048576000, total allocated 134217728, free 114959264, used 19258464, increment 0
Initial loss: 5.765191102784844
60: time = 0,005000 loss = 5,751038
Resulting gain: 0.014152841813280581
Chlorochrysa.nitidissima response curves
Ending
