Mon Jun 13 10:51:33 COT 2022
MaxEnt version 3.4.4
Checking header of C:\humboldt\biomodelos-sdm\Cistothorus.apolinari\M_variables\Set_1\elev.asc
Checking header of C:\humboldt\biomodelos-sdm\Cistothorus.apolinari\M_variables\Set_1\wc2.1_10m_bio_10_s.asc
Checking header of C:\humboldt\biomodelos-sdm\Cistothorus.apolinari\M_variables\Set_1\wc2.1_10m_bio_1_s.asc
Reading samples from occ_joint_kuenm.csv
Read samples: max memory 1048576000, total allocated 134217728, free 124842336, used 9375392, increment 9375392
Extractor: max memory 1048576000, total allocated 134217728, free 124842336, used 9375392, increment 0
Extracting random background and sample data
196 points with values for all grids
Adding samples to background in feature space
Command line used:  environmentallayers=C:\humboldt\biomodelos-sdm\Cistothorus.apolinari\M_variables\Set_1 samplesfile=C:\humboldt\biomodelos-sdm\Cistothorus.apolinari\occurrences\occ_joint_kuenm.csv outputdirectory=C:\humboldt\biomodelos-sdm\Cistothorus.apolinari\final_models_kuenm\\M_2_F_qh_Set_1 betamultiplier=2 autofeature=false linear=false quadratic=true product=false threshold=false hinge=true replicates=1 replicatetype=Bootstrap jackknife=false outputformat=logistic extrapolate=false doclamp=false writeclampgrid=false writemess=false responsecurves=true warnings=false visible=false redoifexists autorun
Command line to repeat: java density.MaxEnt nowarnings noprefixes responsecurves outputformat=logistic outputdirectory=C:\humboldt\biomodelos-sdm\Cistothorus.apolinari\final_models_kuenm\\M_2_F_qh_Set_1 samplesfile=C:\humboldt\biomodelos-sdm\Cistothorus.apolinari\occurrences\occ_joint_kuenm.csv environmentallayers=C:\humboldt\biomodelos-sdm\Cistothorus.apolinari\M_variables\Set_1 nowarnings noaskoverwrite nowriteclampgrid nowritemess betamultiplier=2.0 replicatetype=bootstrap nolinear noproduct autorun noextrapolate novisible noautofeature nodoclamp
Species: Cistothorus.apolinari
Layers: elev wc2.1_10m_bio_10_s wc2.1_10m_bio_1_s
Layertypes: Continuous Continuous Continuous
responsecurves: true
outputformat: logistic
outputdirectory: C:\humboldt\biomodelos-sdm\Cistothorus.apolinari\final_models_kuenm\\M_2_F_qh_Set_1
samplesfile: C:\humboldt\biomodelos-sdm\Cistothorus.apolinari\occurrences\occ_joint_kuenm.csv
environmentallayers: C:\humboldt\biomodelos-sdm\Cistothorus.apolinari\M_variables\Set_1
warnings: false
askoverwrite: false
writeclampgrid: false
writemess: false
betamultiplier: 2.0
replicatetype: bootstrap
linear: false
product: false
autorun: true
extrapolate: false
visible: false
autofeature: false
doclamp: false

getSamples: max memory 1048576000, total allocated 134217728, free 124296112, used 9921616, increment 546224
Making features
makeFeatures: max memory 1048576000, total allocated 134217728, free 124296112, used 9921616, increment 0
Cistothorus.apolinari: 
Regularization values: linear/quadratic/product: 0.442, categorical: 0.250, threshold: 1.800, hinge: 0.500
20 samples
Density: max memory 1048576000, total allocated 134217728, free 123813240, used 10404488, increment 482872
linearPredictor: max memory 1048576000, total allocated 134217728, free 123813240, used 10404488, increment 0
FeaturedSpace: max memory 1048576000, total allocated 134217728, free 123813240, used 10404488, increment 0
Sequential: max memory 1048576000, total allocated 134217728, free 123813240, used 10404488, increment 0
Initial loss: 5.278114659230517
80: time = 0,121000 loss = 4,536430
Resulting gain: 0.7416846925867118
Time since start: 1.23
Projecting...
Writing file C:\humboldt\biomodelos-sdm\Cistothorus.apolinari\final_models_kuenm\M_2_F_qh_Set_1\Cistothorus.apolinari.asc
Writing C:\humboldt\biomodelos-sdm\Cistothorus.apolinari\final_models_kuenm\M_2_F_qh_Set_1\plots\Cistothorus.apolinari.png
Cistothorus.apolinari response curves
Response curve: only elev
Making features
makeFeatures: max memory 1048576000, total allocated 134217728, free 113366064, used 20851664, increment 10447176
Cistothorus.apolinari elev: 
Regularization values: linear/quadratic/product: 0.442, categorical: 0.250, threshold: 1.800, hinge: 0.500
20 samples
Density: max memory 1048576000, total allocated 134217728, free 113366064, used 20851664, increment 0
linearPredictor: max memory 1048576000, total allocated 134217728, free 113366064, used 20851664, increment 0
FeaturedSpace: max memory 1048576000, total allocated 134217728, free 113366064, used 20851664, increment 0
Sequential: max memory 1048576000, total allocated 134217728, free 113366064, used 20851664, increment 0
Initial loss: 5.278114659230517
120: time = 0,021000 loss = 4,647243
Resulting gain: 0.6308712740356199
Cistothorus.apolinari response curves
Response curve: only wc2.1_10m_bio_10_s
Making features
makeFeatures: max memory 1048576000, total allocated 134217728, free 104044448, used 30173280, increment 9321616
Cistothorus.apolinari wc2.1_10m_bio_10_s: 
Regularization values: linear/quadratic/product: 0.442, categorical: 0.250, threshold: 1.800, hinge: 0.500
20 samples
Density: max memory 1048576000, total allocated 134217728, free 104044448, used 30173280, increment 0
linearPredictor: max memory 1048576000, total allocated 134217728, free 104044448, used 30173280, increment 0
FeaturedSpace: max memory 1048576000, total allocated 134217728, free 104044448, used 30173280, increment 0
Sequential: max memory 1048576000, total allocated 134217728, free 104044448, used 30173280, increment 0
Initial loss: 5.278114659230517
80: time = 0,016000 loss = 4,539236
Resulting gain: 0.7388782540937129
Cistothorus.apolinari response curves
Response curve: only wc2.1_10m_bio_1_s
Making features
makeFeatures: max memory 1048576000, total allocated 134217728, free 96704416, used 37513312, increment 7340032
Cistothorus.apolinari wc2.1_10m_bio_1_s: 
Regularization values: linear/quadratic/product: 0.442, categorical: 0.250, threshold: 1.800, hinge: 0.500
20 samples
Density: max memory 1048576000, total allocated 134217728, free 96704416, used 37513312, increment 0
linearPredictor: max memory 1048576000, total allocated 134217728, free 96704416, used 37513312, increment 0
FeaturedSpace: max memory 1048576000, total allocated 134217728, free 96704416, used 37513312, increment 0
Sequential: max memory 1048576000, total allocated 134217728, free 96704416, used 37513312, increment 0
Initial loss: 5.278114659230517
80: time = 0,022000 loss = 4,536430
Resulting gain: 0.7416846925867127
Cistothorus.apolinari response curves
Ending
