Thu Nov 17 15:12:31 COT 2022
MaxEnt version 3.4.3
Reading file absence
readGrid: max memory 536870912, total allocated 134217728, free 56860928, used 77356800, increment 28311552
Reading samples from presence
Read samples: max memory 536870912, total allocated 134217728, free 56334592, used 77883136, increment 526336
Adding samples to background in feature space
Command line used:  autorun -e Chlorochrysa.nitidissima/Temp/maxent/2174682862/absence -o Chlorochrysa.nitidissima/Temp/maxent/2174682862 -s Chlorochrysa.nitidissima/Temp/maxent/2174682862/presence -z noremoveDuplicates noautofeature noquadratic nohinge noproduct nothreshold betamultiplier=1
Command line to repeat: java density.MaxEnt nowarnings noprefixes outputdirectory=Chlorochrysa.nitidissima/Temp/maxent/2174682862 samplesfile=Chlorochrysa.nitidissima/Temp/maxent/2174682862/presence environmentallayers=Chlorochrysa.nitidissima/Temp/maxent/2174682862/absence noremoveduplicates noquadratic noproduct nohinge autorun novisible noautofeature
Species: species
Layers: elev wc2.1_10m_bio_10_s wc2.1_10m_bio_1_s
Layertypes: Continuous Continuous Continuous
outputdirectory: Chlorochrysa.nitidissima/Temp/maxent/2174682862
samplesfile: Chlorochrysa.nitidissima/Temp/maxent/2174682862/presence
environmentallayers: Chlorochrysa.nitidissima/Temp/maxent/2174682862/absence
removeduplicates: false
quadratic: false
product: false
hinge: false
autorun: true
visible: false
autofeature: false

getSamples: max memory 536870912, total allocated 134217728, free 55286016, used 78931712, increment 1048576
Making features
makeFeatures: max memory 536870912, total allocated 134217728, free 55286016, used 78931712, increment 0
species: 
Regularization values: linear/quadratic/product: 0.050, categorical: 0.250, threshold: 1.000, hinge: 0.500
169 samples
Density: max memory 536870912, total allocated 134217728, free 55286016, used 78931712, increment 0
linearPredictor: max memory 536870912, total allocated 134217728, free 55286016, used 78931712, increment 0
FeaturedSpace: max memory 536870912, total allocated 134217728, free 55286016, used 78931712, increment 0
Sequential: max memory 536870912, total allocated 134217728, free 55286016, used 78931712, increment 0
Initial loss: 5.327876168789581
100: time = 0,003000 loss = 5,271945
Resulting gain: 0.055931025106871424
Projecting...
Writing file Chlorochrysa.nitidissima\Temp\maxent\2174682862\species.csv
Ending
