Thu Nov 17 12:09:40 COT 2022
MaxEnt version 3.4.3
Reading file absence
readGrid: max memory 536870912, total allocated 134217728, free 56087872, used 78129856, increment 24117248
Reading samples from presence
Read samples: max memory 536870912, total allocated 134217728, free 56087872, used 78129856, increment 0
Adding samples to background in feature space
Command line used:  autorun -e Chlorochrysa.nitidissima/Temp/maxent/15109529563/absence -o Chlorochrysa.nitidissima/Temp/maxent/15109529563 -s Chlorochrysa.nitidissima/Temp/maxent/15109529563/presence -z noremoveDuplicates noautofeature noquadratic nohinge noproduct nothreshold betamultiplier=1
Command line to repeat: java density.MaxEnt nowarnings noprefixes outputdirectory=Chlorochrysa.nitidissima/Temp/maxent/15109529563 samplesfile=Chlorochrysa.nitidissima/Temp/maxent/15109529563/presence environmentallayers=Chlorochrysa.nitidissima/Temp/maxent/15109529563/absence noremoveduplicates noquadratic noproduct nohinge autorun novisible noautofeature
Species: species
Layers: elev wc2.1_10m_bio_10_s wc2.1_10m_bio_1_s
Layertypes: Continuous Continuous Continuous
outputdirectory: Chlorochrysa.nitidissima/Temp/maxent/15109529563
samplesfile: Chlorochrysa.nitidissima/Temp/maxent/15109529563/presence
environmentallayers: Chlorochrysa.nitidissima/Temp/maxent/15109529563/absence
removeduplicates: false
quadratic: false
product: false
hinge: false
autorun: true
visible: false
autofeature: false

getSamples: max memory 536870912, total allocated 134217728, free 55039296, used 79178432, increment 1048576
Making features
makeFeatures: max memory 536870912, total allocated 134217728, free 55039296, used 79178432, increment 0
species: 
Regularization values: linear/quadratic/product: 0.050, categorical: 0.250, threshold: 1.000, hinge: 0.500
126 samples
Density: max memory 536870912, total allocated 134217728, free 55039296, used 79178432, increment 0
linearPredictor: max memory 536870912, total allocated 134217728, free 55039296, used 79178432, increment 0
FeaturedSpace: max memory 536870912, total allocated 134217728, free 55039296, used 79178432, increment 0
Sequential: max memory 536870912, total allocated 134217728, free 55039296, used 79178432, increment 0
Initial loss: 5.1298987149230735
100: time = 0,006000 loss = 5,117148
Resulting gain: 0.012750811414074192
Projecting...
Writing file Chlorochrysa.nitidissima\Temp\maxent\15109529563\species.csv
Ending
