Thu Nov 17 15:16:12 COT 2022
MaxEnt version 3.4.3
Reading file absence
readGrid: max memory 536870912, total allocated 134217728, free 69789912, used 64427816, increment 24117248
Reading samples from presence
Read samples: max memory 536870912, total allocated 134217728, free 69789912, used 64427816, increment 0
Adding samples to background in feature space
Command line used:  autorun -e Chlorochrysa.nitidissima/Temp/maxent/5511157323/absence -o Chlorochrysa.nitidissima/Temp/maxent/5511157323 -s Chlorochrysa.nitidissima/Temp/maxent/5511157323/presence -z noremoveDuplicates noautofeature noquadratic nohinge noproduct nothreshold betamultiplier=1
Command line to repeat: java density.MaxEnt nowarnings noprefixes outputdirectory=Chlorochrysa.nitidissima/Temp/maxent/5511157323 samplesfile=Chlorochrysa.nitidissima/Temp/maxent/5511157323/presence environmentallayers=Chlorochrysa.nitidissima/Temp/maxent/5511157323/absence noremoveduplicates noquadratic noproduct nohinge autorun novisible noautofeature
Species: species
Layers: elev wc2.1_10m_bio_10_s wc2.1_10m_bio_1_s
Layertypes: Continuous Continuous Continuous
outputdirectory: Chlorochrysa.nitidissima/Temp/maxent/5511157323
samplesfile: Chlorochrysa.nitidissima/Temp/maxent/5511157323/presence
environmentallayers: Chlorochrysa.nitidissima/Temp/maxent/5511157323/absence
removeduplicates: false
quadratic: false
product: false
hinge: false
autorun: true
visible: false
autofeature: false

getSamples: max memory 536870912, total allocated 134217728, free 69267672, used 64950056, increment 522240
Making features
makeFeatures: max memory 536870912, total allocated 134217728, free 69267672, used 64950056, increment 0
species: 
Regularization values: linear/quadratic/product: 0.050, categorical: 0.250, threshold: 1.000, hinge: 0.500
126 samples
Density: max memory 536870912, total allocated 134217728, free 68741336, used 65476392, increment 526336
linearPredictor: max memory 536870912, total allocated 134217728, free 68741336, used 65476392, increment 0
FeaturedSpace: max memory 536870912, total allocated 134217728, free 68741336, used 65476392, increment 0
Sequential: max memory 536870912, total allocated 134217728, free 68741336, used 65476392, increment 0
Initial loss: 5.030437921392435
60: time = 0,002000 loss = 4,970292
Resulting gain: 0.060146056135723214
Projecting...
Writing file Chlorochrysa.nitidissima\Temp\maxent\5511157323\species.csv
Ending
