Wed Jun 08 17:17:40 COT 2022
MaxEnt version 3.4.4
Checking header of C:\humboldt\biomodelos-sdm\Chlorochrysa.nitidissima\M_variables\Set_1\elev.asc
Checking header of C:\humboldt\biomodelos-sdm\Chlorochrysa.nitidissima\M_variables\Set_1\wc2.1_10m_bio_10_s.asc
Checking header of C:\humboldt\biomodelos-sdm\Chlorochrysa.nitidissima\M_variables\Set_1\wc2.1_10m_bio_1_s.asc
Reading samples from occ_joint_kuenm.csv
Read samples: max memory 1048576000, total allocated 134217728, free 124862312, used 9355416, increment 9355416
Extractor: max memory 1048576000, total allocated 134217728, free 124296096, used 9921632, increment 566216
Extracting random background and sample data
515 points with values for all grids
Adding samples to background in feature space
Command line used:  environmentallayers=C:\humboldt\biomodelos-sdm\Chlorochrysa.nitidissima\M_variables\Set_1 samplesfile=C:\humboldt\biomodelos-sdm\Chlorochrysa.nitidissima\occurrences\occ_joint_kuenm.csv outputdirectory=C:\humboldt\biomodelos-sdm\Chlorochrysa.nitidissima\final_models_kuenm\\M_4_F_lq_Set_1 betamultiplier=4 autofeature=false linear=true quadratic=true product=false threshold=false hinge=false replicates=1 replicatetype=Bootstrap jackknife=false outputformat=logistic extrapolate=false doclamp=false writeclampgrid=false writemess=false responsecurves=true warnings=false visible=false redoifexists autorun
Command line to repeat: java density.MaxEnt nowarnings noprefixes responsecurves outputformat=logistic outputdirectory=C:\humboldt\biomodelos-sdm\Chlorochrysa.nitidissima\final_models_kuenm\\M_4_F_lq_Set_1 samplesfile=C:\humboldt\biomodelos-sdm\Chlorochrysa.nitidissima\occurrences\occ_joint_kuenm.csv environmentallayers=C:\humboldt\biomodelos-sdm\Chlorochrysa.nitidissima\M_variables\Set_1 nowarnings noaskoverwrite nowriteclampgrid nowritemess betamultiplier=4.0 replicatetype=bootstrap noproduct nohinge autorun noextrapolate novisible noautofeature nodoclamp
Species: Chlorochrysa.nitidissima
Layers: elev wc2.1_10m_bio_10_s wc2.1_10m_bio_1_s
Layertypes: Continuous Continuous Continuous
responsecurves: true
outputformat: logistic
outputdirectory: C:\humboldt\biomodelos-sdm\Chlorochrysa.nitidissima\final_models_kuenm\\M_4_F_lq_Set_1
samplesfile: C:\humboldt\biomodelos-sdm\Chlorochrysa.nitidissima\occurrences\occ_joint_kuenm.csv
environmentallayers: C:\humboldt\biomodelos-sdm\Chlorochrysa.nitidissima\M_variables\Set_1
warnings: false
askoverwrite: false
writeclampgrid: false
writemess: false
betamultiplier: 4.0
replicatetype: bootstrap
product: false
hinge: false
autorun: true
extrapolate: false
visible: false
autofeature: false
doclamp: false

getSamples: max memory 1048576000, total allocated 134217728, free 123813712, used 10404016, increment 482384
Making features
makeFeatures: max memory 1048576000, total allocated 134217728, free 123813712, used 10404016, increment 0
Chlorochrysa.nitidissima: 
Regularization values: linear/quadratic/product: 0.184, categorical: 0.250, threshold: 1.470, hinge: 0.500
53 samples
Density: max memory 1048576000, total allocated 134217728, free 123731968, used 10485760, increment 81744
linearPredictor: max memory 1048576000, total allocated 134217728, free 123731968, used 10485760, increment 0
FeaturedSpace: max memory 1048576000, total allocated 134217728, free 123731968, used 10485760, increment 0
Sequential: max memory 1048576000, total allocated 134217728, free 123247464, used 10970264, increment 484504
Initial loss: 6.244166900663736
80: time = 0,034000 loss = 6,076704
Resulting gain: 0.16746281707326194
Time since start: 1.048
Projecting...
Writing file C:\humboldt\biomodelos-sdm\Chlorochrysa.nitidissima\final_models_kuenm\M_4_F_lq_Set_1\Chlorochrysa.nitidissima.asc
Writing C:\humboldt\biomodelos-sdm\Chlorochrysa.nitidissima\final_models_kuenm\M_4_F_lq_Set_1\plots\Chlorochrysa.nitidissima.png
Chlorochrysa.nitidissima response curves
Response curve: only elev
Making features
makeFeatures: max memory 1048576000, total allocated 134217728, free 113830656, used 20387072, increment 9416808
Chlorochrysa.nitidissima elev: 
Regularization values: linear/quadratic/product: 0.184, categorical: 0.250, threshold: 1.470, hinge: 0.500
53 samples
Density: max memory 1048576000, total allocated 134217728, free 113830656, used 20387072, increment 0
linearPredictor: max memory 1048576000, total allocated 134217728, free 113830656, used 20387072, increment 0
FeaturedSpace: max memory 1048576000, total allocated 134217728, free 113830656, used 20387072, increment 0
Sequential: max memory 1048576000, total allocated 134217728, free 113830656, used 20387072, increment 0
Initial loss: 6.244166900663736
60: time = 0,022000 loss = 6,088559
Resulting gain: 0.1556083100108756
Chlorochrysa.nitidissima response curves
Response curve: only wc2.1_10m_bio_10_s
Making features
makeFeatures: max memory 1048576000, total allocated 134217728, free 110158592, used 24059136, increment 3672064
Chlorochrysa.nitidissima wc2.1_10m_bio_10_s: 
Regularization values: linear/quadratic/product: 0.184, categorical: 0.250, threshold: 1.470, hinge: 0.500
53 samples
Density: max memory 1048576000, total allocated 134217728, free 110158592, used 24059136, increment 0
linearPredictor: max memory 1048576000, total allocated 134217728, free 110158592, used 24059136, increment 0
FeaturedSpace: max memory 1048576000, total allocated 134217728, free 110158592, used 24059136, increment 0
Sequential: max memory 1048576000, total allocated 134217728, free 110158592, used 24059136, increment 0
Initial loss: 6.244166900663736
60: time = 0,000000 loss = 6,076704
Resulting gain: 0.16746281707326283
Chlorochrysa.nitidissima response curves
Response curve: only wc2.1_10m_bio_1_s
Making features
makeFeatures: max memory 1048576000, total allocated 134217728, free 105442048, used 28775680, increment 4716544
Chlorochrysa.nitidissima wc2.1_10m_bio_1_s: 
Regularization values: linear/quadratic/product: 0.184, categorical: 0.250, threshold: 1.470, hinge: 0.500
53 samples
Density: max memory 1048576000, total allocated 134217728, free 105442048, used 28775680, increment 0
linearPredictor: max memory 1048576000, total allocated 134217728, free 105442048, used 28775680, increment 0
FeaturedSpace: max memory 1048576000, total allocated 134217728, free 105442048, used 28775680, increment 0
Sequential: max memory 1048576000, total allocated 134217728, free 105442048, used 28775680, increment 0
Initial loss: 6.244166900663736
60: time = 0,000000 loss = 6,082767
Resulting gain: 0.16139978263906318
Chlorochrysa.nitidissima response curves
Ending
