Thu Nov 17 15:16:12 COT 2022
MaxEnt version 3.4.3
Reading file absence
readGrid: max memory 536870912, total allocated 134217728, free 94955736, used 39261992, increment -64309208
Reading samples from presence
Read samples: max memory 536870912, total allocated 134217728, free 94955736, used 39261992, increment 0
Adding samples to background in feature space
Command line used:  autorun -e Chlorochrysa.nitidissima/Temp/maxent/56448900104/absence -o Chlorochrysa.nitidissima/Temp/maxent/56448900104 -s Chlorochrysa.nitidissima/Temp/maxent/56448900104/presence -z noremoveDuplicates noautofeature noquadratic nohinge noproduct nothreshold betamultiplier=1
Command line to repeat: java density.MaxEnt nowarnings noprefixes outputdirectory=Chlorochrysa.nitidissima/Temp/maxent/56448900104 samplesfile=Chlorochrysa.nitidissima/Temp/maxent/56448900104/presence environmentallayers=Chlorochrysa.nitidissima/Temp/maxent/56448900104/absence noremoveduplicates noquadratic noproduct nohinge autorun novisible noautofeature
Species: species
Layers: elev wc2.1_10m_bio_10_s wc2.1_10m_bio_1_s
Layertypes: Continuous Continuous Continuous
outputdirectory: Chlorochrysa.nitidissima/Temp/maxent/56448900104
samplesfile: Chlorochrysa.nitidissima/Temp/maxent/56448900104/presence
environmentallayers: Chlorochrysa.nitidissima/Temp/maxent/56448900104/absence
removeduplicates: false
quadratic: false
product: false
hinge: false
autorun: true
visible: false
autofeature: false

getSamples: max memory 536870912, total allocated 134217728, free 93907160, used 40310568, increment 1048576
Making features
makeFeatures: max memory 536870912, total allocated 134217728, free 93907160, used 40310568, increment 0
species: 
Regularization values: linear/quadratic/product: 0.050, categorical: 0.250, threshold: 1.000, hinge: 0.500
169 samples
Density: max memory 536870912, total allocated 134217728, free 93907160, used 40310568, increment 0
linearPredictor: max memory 536870912, total allocated 134217728, free 93907160, used 40310568, increment 0
FeaturedSpace: max memory 536870912, total allocated 134217728, free 93907160, used 40310568, increment 0
Sequential: max memory 536870912, total allocated 134217728, free 93907160, used 40310568, increment 0
Initial loss: 5.327876168789581
100: time = 0,002000 loss = 5,271945
Resulting gain: 0.055931025106871424
Projecting...
Writing file Chlorochrysa.nitidissima\Temp\maxent\56448900104\species.csv
Ending
