Mon Jun 13 11:03:23 COT 2022
MaxEnt version 3.4.4
Checking header of C:\humboldt\biomodelos-sdm\Diglossa.gloriosissima\M_variables\Set_1\elev.asc
Checking header of C:\humboldt\biomodelos-sdm\Diglossa.gloriosissima\M_variables\Set_1\wc2.1_10m_bio_10_s.asc
Checking header of C:\humboldt\biomodelos-sdm\Diglossa.gloriosissima\M_variables\Set_1\wc2.1_10m_bio_1_s.asc
Reading samples from occ_joint_kuenm.csv
Read samples: max memory 2097152000, total allocated 134217728, free 125344640, used 8873088, increment 8873088
Converting file C:\humboldt\biomodelos-sdm\Diglossa.gloriosissima\M_variables\Set_1\elev.asc size 2576, max memory = 2097152000
Reading file elev.asc
SHORT, 140 pixels with data
readGrid: max memory 2097152000, total allocated 134217728, free 124862240, used 9355488, increment 482400
Writing file C:\humboldt\biomodelos-sdm\Diglossa.gloriosissima\M_variables\Set_1\maxent.cache\elev.mxe
Converting file C:\humboldt\biomodelos-sdm\Diglossa.gloriosissima\M_variables\Set_1\wc2.1_10m_bio_10_s.asc size 2908, max memory = 2097152000
Reading file wc2.1_10m_bio_10_s.asc
FLOAT, 140 pixels with data
readGrid: max memory 2097152000, total allocated 134217728, free 124296128, used 9921600, increment 566112
Writing file C:\humboldt\biomodelos-sdm\Diglossa.gloriosissima\M_variables\Set_1\maxent.cache\wc2.1_10m_bio_10_s.mxe
Converting file C:\humboldt\biomodelos-sdm\Diglossa.gloriosissima\M_variables\Set_1\wc2.1_10m_bio_1_s.asc size 2910, max memory = 2097152000
Reading file wc2.1_10m_bio_1_s.asc
FLOAT, 140 pixels with data
readGrid: max memory 2097152000, total allocated 134217728, free 124296128, used 9921600, increment 0
Writing file C:\humboldt\biomodelos-sdm\Diglossa.gloriosissima\M_variables\Set_1\maxent.cache\wc2.1_10m_bio_1_s.mxe
Extractor: max memory 2097152000, total allocated 134217728, free 124296128, used 9921600, increment 0
Extracting random background and sample data
140 points with values for all grids
Adding samples to background in feature space
Command line used:  environmentallayers=C:\humboldt\biomodelos-sdm\Diglossa.gloriosissima\M_variables\Set_1 samplesfile=C:\humboldt\biomodelos-sdm\Diglossa.gloriosissima\occurrences\occ_joint_kuenm.csv outputdirectory=C:\humboldt\biomodelos-sdm\Diglossa.gloriosissima\final_models_enmeval\M_0.5_F_l_Set_1 betamultiplier=0.5 autofeature=false linear=true quadratic=false product=false threshold=false hinge=false replicates=1 replicatetype=Bootstrap jackknife=false outputformat=logistic extrapolate=false doclamp=false writeclampgrid=false writemess=false responsecurves=true warnings=false visible=false redoifexists autorun
Command line to repeat: java density.MaxEnt nowarnings noprefixes responsecurves outputformat=logistic outputdirectory=C:\humboldt\biomodelos-sdm\Diglossa.gloriosissima\final_models_enmeval\M_0.5_F_l_Set_1 samplesfile=C:\humboldt\biomodelos-sdm\Diglossa.gloriosissima\occurrences\occ_joint_kuenm.csv environmentallayers=C:\humboldt\biomodelos-sdm\Diglossa.gloriosissima\M_variables\Set_1 nowarnings noaskoverwrite nowriteclampgrid nowritemess betamultiplier=0.5 replicatetype=bootstrap noquadratic noproduct nohinge autorun noextrapolate novisible noautofeature nodoclamp
Species: Diglossa.gloriosissima
Layers: elev wc2.1_10m_bio_10_s wc2.1_10m_bio_1_s
Layertypes: Continuous Continuous Continuous
responsecurves: true
outputformat: logistic
outputdirectory: C:\humboldt\biomodelos-sdm\Diglossa.gloriosissima\final_models_enmeval\M_0.5_F_l_Set_1
samplesfile: C:\humboldt\biomodelos-sdm\Diglossa.gloriosissima\occurrences\occ_joint_kuenm.csv
environmentallayers: C:\humboldt\biomodelos-sdm\Diglossa.gloriosissima\M_variables\Set_1
warnings: false
askoverwrite: false
writeclampgrid: false
writemess: false
betamultiplier: 0.5
replicatetype: bootstrap
quadratic: false
product: false
hinge: false
autorun: true
extrapolate: false
visible: false
autofeature: false
doclamp: false

getSamples: max memory 2097152000, total allocated 134217728, free 123797384, used 10420344, increment 498744
Making features
makeFeatures: max memory 2097152000, total allocated 134217728, free 123797384, used 10420344, increment 0
Diglossa.gloriosissima: 
Regularization values: linear/quadratic/product: 0.880, categorical: 0.393, threshold: 1.870, hinge: 0.500
13 samples
Density: max memory 2097152000, total allocated 134217728, free 123797384, used 10420344, increment 0
linearPredictor: max memory 2097152000, total allocated 134217728, free 123797384, used 10420344, increment 0
FeaturedSpace: max memory 2097152000, total allocated 134217728, free 123797384, used 10420344, increment 0
Sequential: max memory 2097152000, total allocated 134217728, free 123797384, used 10420344, increment 0
Initial loss: 4.941642422609304
60: time = 0,015000 loss = 4,464251
Resulting gain: 0.477391520210535
Time since start: 1.149
Projecting...
Writing file C:\humboldt\biomodelos-sdm\Diglossa.gloriosissima\final_models_enmeval\M_0.5_F_l_Set_1\Diglossa.gloriosissima.asc
Writing C:\humboldt\biomodelos-sdm\Diglossa.gloriosissima\final_models_enmeval\M_0.5_F_l_Set_1\plots\Diglossa.gloriosissima.png
Diglossa.gloriosissima response curves
Response curve: only elev
Making features
makeFeatures: max memory 2097152000, total allocated 134217728, free 96862208, used 37355520, increment 26935176
Diglossa.gloriosissima elev: 
Regularization values: linear/quadratic/product: 0.880, categorical: 0.393, threshold: 1.870, hinge: 0.500
13 samples
Density: max memory 2097152000, total allocated 134217728, free 96862208, used 37355520, increment 0
linearPredictor: max memory 2097152000, total allocated 134217728, free 96862208, used 37355520, increment 0
FeaturedSpace: max memory 2097152000, total allocated 134217728, free 96862208, used 37355520, increment 0
Sequential: max memory 2097152000, total allocated 134217728, free 96862208, used 37355520, increment 0
Initial loss: 4.941642422609304
60: time = 0,008000 loss = 4,559835
Resulting gain: 0.3818078625211552
Diglossa.gloriosissima response curves
Response curve: only wc2.1_10m_bio_10_s
Making features
makeFeatures: max memory 2097152000, total allocated 134217728, free 92667904, used 41549824, increment 4194304
Diglossa.gloriosissima wc2.1_10m_bio_10_s: 
Regularization values: linear/quadratic/product: 0.880, categorical: 0.393, threshold: 1.870, hinge: 0.500
13 samples
Density: max memory 2097152000, total allocated 134217728, free 92667904, used 41549824, increment 0
linearPredictor: max memory 2097152000, total allocated 134217728, free 92667904, used 41549824, increment 0
FeaturedSpace: max memory 2097152000, total allocated 134217728, free 92667904, used 41549824, increment 0
Sequential: max memory 2097152000, total allocated 134217728, free 92667904, used 41549824, increment 0
Initial loss: 4.941642422609304
60: time = 0,005000 loss = 4,464251
Resulting gain: 0.477391520210535
Diglossa.gloriosissima response curves
Response curve: only wc2.1_10m_bio_1_s
Making features
makeFeatures: max memory 2097152000, total allocated 134217728, free 88880272, used 45337456, increment 3787632
Diglossa.gloriosissima wc2.1_10m_bio_1_s: 
Regularization values: linear/quadratic/product: 0.880, categorical: 0.393, threshold: 1.870, hinge: 0.500
13 samples
Density: max memory 2097152000, total allocated 134217728, free 88880272, used 45337456, increment 0
linearPredictor: max memory 2097152000, total allocated 134217728, free 88880272, used 45337456, increment 0
FeaturedSpace: max memory 2097152000, total allocated 134217728, free 88880272, used 45337456, increment 0
Sequential: max memory 2097152000, total allocated 134217728, free 88880272, used 45337456, increment 0
Initial loss: 4.941642422609304
60: time = 0,003000 loss = 4,469529
Resulting gain: 0.47211382897669996
Diglossa.gloriosissima response curves
Ending
