Wed Jun 08 17:17:52 COT 2022
MaxEnt version 3.4.4
Checking header of C:\humboldt\biomodelos-sdm\Chlorochrysa.nitidissima\M_variables\Set_1\elev.asc
Checking header of C:\humboldt\biomodelos-sdm\Chlorochrysa.nitidissima\M_variables\Set_1\wc2.1_10m_bio_10_s.asc
Checking header of C:\humboldt\biomodelos-sdm\Chlorochrysa.nitidissima\M_variables\Set_1\wc2.1_10m_bio_1_s.asc
Reading samples from occ_joint_kuenm.csv
Read samples: max memory 1048576000, total allocated 134217728, free 124862304, used 9355424, increment 9355424
Extractor: max memory 1048576000, total allocated 134217728, free 124296136, used 9921592, increment 566168
Extracting random background and sample data
515 points with values for all grids
Adding samples to background in feature space
Command line used:  environmentallayers=C:\humboldt\biomodelos-sdm\Chlorochrysa.nitidissima\M_variables\Set_1 samplesfile=C:\humboldt\biomodelos-sdm\Chlorochrysa.nitidissima\occurrences\occ_joint_kuenm.csv outputdirectory=C:\humboldt\biomodelos-sdm\Chlorochrysa.nitidissima\final_models_kuenm\\M_6_F_qt_Set_1 betamultiplier=6 autofeature=false linear=false quadratic=true product=false threshold=true hinge=false replicates=1 replicatetype=Bootstrap jackknife=false outputformat=logistic extrapolate=false doclamp=false writeclampgrid=false writemess=false responsecurves=true warnings=false visible=false redoifexists autorun
Command line to repeat: java density.MaxEnt nowarnings noprefixes responsecurves outputformat=logistic outputdirectory=C:\humboldt\biomodelos-sdm\Chlorochrysa.nitidissima\final_models_kuenm\\M_6_F_qt_Set_1 samplesfile=C:\humboldt\biomodelos-sdm\Chlorochrysa.nitidissima\occurrences\occ_joint_kuenm.csv environmentallayers=C:\humboldt\biomodelos-sdm\Chlorochrysa.nitidissima\M_variables\Set_1 nowarnings noaskoverwrite nowriteclampgrid nowritemess betamultiplier=6.0 replicatetype=bootstrap nolinear noproduct threshold nohinge autorun noextrapolate novisible noautofeature nodoclamp
Species: Chlorochrysa.nitidissima
Layers: elev wc2.1_10m_bio_10_s wc2.1_10m_bio_1_s
Layertypes: Continuous Continuous Continuous
responsecurves: true
outputformat: logistic
outputdirectory: C:\humboldt\biomodelos-sdm\Chlorochrysa.nitidissima\final_models_kuenm\\M_6_F_qt_Set_1
samplesfile: C:\humboldt\biomodelos-sdm\Chlorochrysa.nitidissima\occurrences\occ_joint_kuenm.csv
environmentallayers: C:\humboldt\biomodelos-sdm\Chlorochrysa.nitidissima\M_variables\Set_1
warnings: false
askoverwrite: false
writeclampgrid: false
writemess: false
betamultiplier: 6.0
replicatetype: bootstrap
linear: false
product: false
threshold: true
hinge: false
autorun: true
extrapolate: false
visible: false
autofeature: false
doclamp: false

getSamples: max memory 1048576000, total allocated 134217728, free 123813752, used 10403976, increment 482384
Making features
makeFeatures: max memory 1048576000, total allocated 134217728, free 123813752, used 10403976, increment 0
Chlorochrysa.nitidissima: 
Regularization values: linear/quadratic/product: 0.184, categorical: 0.250, threshold: 1.470, hinge: 0.500
53 samples
Density: max memory 1048576000, total allocated 134217728, free 123247552, used 10970176, increment 566200
linearPredictor: max memory 1048576000, total allocated 134217728, free 123247552, used 10970176, increment 0
FeaturedSpace: max memory 1048576000, total allocated 134217728, free 123247552, used 10970176, increment 0
Sequential: max memory 1048576000, total allocated 134217728, free 123247552, used 10970176, increment 0
Initial loss: 6.244166900663736
80: time = 0,090000 loss = 6,099614
Resulting gain: 0.14455294258712925
Time since start: 1.14
Projecting...
Writing file C:\humboldt\biomodelos-sdm\Chlorochrysa.nitidissima\final_models_kuenm\M_6_F_qt_Set_1\Chlorochrysa.nitidissima.asc
Writing C:\humboldt\biomodelos-sdm\Chlorochrysa.nitidissima\final_models_kuenm\M_6_F_qt_Set_1\plots\Chlorochrysa.nitidissima.png
Chlorochrysa.nitidissima response curves
Response curve: only elev
Making features
makeFeatures: max memory 1048576000, total allocated 134217728, free 106720144, used 27497584, increment 16527408
Chlorochrysa.nitidissima elev: 
Regularization values: linear/quadratic/product: 0.184, categorical: 0.250, threshold: 1.470, hinge: 0.500
53 samples
Density: max memory 1048576000, total allocated 134217728, free 106720144, used 27497584, increment 0
linearPredictor: max memory 1048576000, total allocated 134217728, free 106720144, used 27497584, increment 0
FeaturedSpace: max memory 1048576000, total allocated 134217728, free 106720144, used 27497584, increment 0
Sequential: max memory 1048576000, total allocated 134217728, free 106720144, used 27497584, increment 0
Initial loss: 6.244166900663736
80: time = 0,031000 loss = 6,145037
Resulting gain: 0.09913032493141749
Chlorochrysa.nitidissima response curves
Response curve: only wc2.1_10m_bio_10_s
Making features
makeFeatures: max memory 1048576000, total allocated 134217728, free 99902352, used 34315376, increment 6817792
Chlorochrysa.nitidissima wc2.1_10m_bio_10_s: 
Regularization values: linear/quadratic/product: 0.184, categorical: 0.250, threshold: 1.470, hinge: 0.500
53 samples
Density: max memory 1048576000, total allocated 134217728, free 99902352, used 34315376, increment 0
linearPredictor: max memory 1048576000, total allocated 134217728, free 99902352, used 34315376, increment 0
FeaturedSpace: max memory 1048576000, total allocated 134217728, free 99902352, used 34315376, increment 0
Sequential: max memory 1048576000, total allocated 134217728, free 99902352, used 34315376, increment 0
Initial loss: 6.244166900663736
80: time = 0,016000 loss = 6,099614
Resulting gain: 0.14455294258712925
Chlorochrysa.nitidissima response curves
Response curve: only wc2.1_10m_bio_1_s
Making features
makeFeatures: max memory 1048576000, total allocated 134217728, free 92562320, used 41655408, increment 7340032
Chlorochrysa.nitidissima wc2.1_10m_bio_1_s: 
Regularization values: linear/quadratic/product: 0.184, categorical: 0.250, threshold: 1.470, hinge: 0.500
53 samples
Density: max memory 1048576000, total allocated 134217728, free 92562320, used 41655408, increment 0
linearPredictor: max memory 1048576000, total allocated 134217728, free 92562320, used 41655408, increment 0
FeaturedSpace: max memory 1048576000, total allocated 134217728, free 92562320, used 41655408, increment 0
Sequential: max memory 1048576000, total allocated 134217728, free 92562320, used 41655408, increment 0
Initial loss: 6.244166900663736
60: time = 0,000000 loss = 6,105493
Resulting gain: 0.13867388253646684
Chlorochrysa.nitidissima response curves
Ending
