Mon Jun 13 10:33:06 COT 2022
MaxEnt version 3.4.4
Checking header of C:\humboldt\biomodelos-sdm\Chlorochrysa.nitidissima\M_variables\Set_1\elev.asc
Checking header of C:\humboldt\biomodelos-sdm\Chlorochrysa.nitidissima\M_variables\Set_1\wc2.1_10m_bio_10_s.asc
Checking header of C:\humboldt\biomodelos-sdm\Chlorochrysa.nitidissima\M_variables\Set_1\wc2.1_10m_bio_1_s.asc
Reading samples from occ_joint_kuenm.csv
Read samples: max memory 1048576000, total allocated 134217728, free 124817224, used 9400504, increment 9400504
Extractor: max memory 1048576000, total allocated 134217728, free 124295112, used 9922616, increment 522112
Extracting random background and sample data
319 points with values for all grids
Adding samples to background in feature space
Command line used:  environmentallayers=C:\humboldt\biomodelos-sdm\Chlorochrysa.nitidissima\M_variables\Set_1 samplesfile=C:\humboldt\biomodelos-sdm\Chlorochrysa.nitidissima\occurrences\occ_joint_kuenm.csv outputdirectory=C:\humboldt\biomodelos-sdm\Chlorochrysa.nitidissima\final_models_kuenm\\M_1_F_qp_Set_1 betamultiplier=1 autofeature=false linear=false quadratic=true product=true threshold=false hinge=false replicates=1 replicatetype=Bootstrap jackknife=false outputformat=logistic extrapolate=false doclamp=false writeclampgrid=false writemess=false responsecurves=true warnings=false visible=false redoifexists autorun
Command line to repeat: java density.MaxEnt nowarnings noprefixes responsecurves outputformat=logistic outputdirectory=C:\humboldt\biomodelos-sdm\Chlorochrysa.nitidissima\final_models_kuenm\\M_1_F_qp_Set_1 samplesfile=C:\humboldt\biomodelos-sdm\Chlorochrysa.nitidissima\occurrences\occ_joint_kuenm.csv environmentallayers=C:\humboldt\biomodelos-sdm\Chlorochrysa.nitidissima\M_variables\Set_1 nowarnings noaskoverwrite nowriteclampgrid nowritemess replicatetype=bootstrap nolinear nohinge autorun noextrapolate novisible noautofeature nodoclamp
Species: Chlorochrysa.nitidissima
Layers: elev wc2.1_10m_bio_10_s wc2.1_10m_bio_1_s
Layertypes: Continuous Continuous Continuous
responsecurves: true
outputformat: logistic
outputdirectory: C:\humboldt\biomodelos-sdm\Chlorochrysa.nitidissima\final_models_kuenm\\M_1_F_qp_Set_1
samplesfile: C:\humboldt\biomodelos-sdm\Chlorochrysa.nitidissima\occurrences\occ_joint_kuenm.csv
environmentallayers: C:\humboldt\biomodelos-sdm\Chlorochrysa.nitidissima\M_variables\Set_1
warnings: false
askoverwrite: false
writeclampgrid: false
writemess: false
replicatetype: bootstrap
linear: false
hinge: false
autorun: true
extrapolate: false
visible: false
autofeature: false
doclamp: false

getSamples: max memory 1048576000, total allocated 134217728, free 124295112, used 9922616, increment 0
Making features
makeFeatures: max memory 1048576000, total allocated 134217728, free 124295112, used 9922616, increment 0
Chlorochrysa.nitidissima: 
Regularization values: linear/quadratic/product: 0.529, categorical: 0.250, threshold: 1.670, hinge: 0.500
33 samples
Density: max memory 1048576000, total allocated 134217728, free 123775720, used 10442008, increment 519392
linearPredictor: max memory 1048576000, total allocated 134217728, free 123775720, used 10442008, increment 0
FeaturedSpace: max memory 1048576000, total allocated 134217728, free 123775720, used 10442008, increment 0
Sequential: max memory 1048576000, total allocated 134217728, free 123775720, used 10442008, increment 0
Initial loss: 5.765191102784844
60: time = 0,028000 loss = 5,589064
Resulting gain: 0.1761275401408522
Time since start: 1.122
Projecting...
Writing file C:\humboldt\biomodelos-sdm\Chlorochrysa.nitidissima\final_models_kuenm\M_1_F_qp_Set_1\Chlorochrysa.nitidissima.asc
Writing C:\humboldt\biomodelos-sdm\Chlorochrysa.nitidissima\final_models_kuenm\M_1_F_qp_Set_1\plots\Chlorochrysa.nitidissima.png
Chlorochrysa.nitidissima response curves
Response curve: only elev
Making features
makeFeatures: max memory 1048576000, total allocated 134217728, free 93103616, used 41114112, increment 30672104
Chlorochrysa.nitidissima elev: 
Regularization values: linear/quadratic/product: 0.529, categorical: 0.250, threshold: 1.670, hinge: 0.500
33 samples
Density: max memory 1048576000, total allocated 134217728, free 93103616, used 41114112, increment 0
linearPredictor: max memory 1048576000, total allocated 134217728, free 93103616, used 41114112, increment 0
FeaturedSpace: max memory 1048576000, total allocated 134217728, free 93103616, used 41114112, increment 0
Sequential: max memory 1048576000, total allocated 134217728, free 93103616, used 41114112, increment 0
Initial loss: 5.765191102784844
60: time = 0,012000 loss = 5,755940
Resulting gain: 0.009250761918889516
Chlorochrysa.nitidissima response curves
Response curve: only wc2.1_10m_bio_10_s
Making features
makeFeatures: max memory 1048576000, total allocated 134217728, free 89435648, used 44782080, increment 3667968
Chlorochrysa.nitidissima wc2.1_10m_bio_10_s: 
Regularization values: linear/quadratic/product: 0.529, categorical: 0.250, threshold: 1.670, hinge: 0.500
33 samples
Density: max memory 1048576000, total allocated 134217728, free 89435648, used 44782080, increment 0
linearPredictor: max memory 1048576000, total allocated 134217728, free 89435648, used 44782080, increment 0
FeaturedSpace: max memory 1048576000, total allocated 134217728, free 89435648, used 44782080, increment 0
Sequential: max memory 1048576000, total allocated 134217728, free 89435648, used 44782080, increment 0
Initial loss: 5.765191102784844
60: time = 0,009000 loss = 5,688096
Resulting gain: 0.07709491148563252
Chlorochrysa.nitidissima response curves
Response curve: only wc2.1_10m_bio_1_s
Making features
makeFeatures: max memory 1048576000, total allocated 134217728, free 85241344, used 48976384, increment 4194304
Chlorochrysa.nitidissima wc2.1_10m_bio_1_s: 
Regularization values: linear/quadratic/product: 0.529, categorical: 0.250, threshold: 1.670, hinge: 0.500
33 samples
Density: max memory 1048576000, total allocated 134217728, free 85241344, used 48976384, increment 0
linearPredictor: max memory 1048576000, total allocated 134217728, free 85241344, used 48976384, increment 0
FeaturedSpace: max memory 1048576000, total allocated 134217728, free 85241344, used 48976384, increment 0
Sequential: max memory 1048576000, total allocated 134217728, free 85241344, used 48976384, increment 0
Initial loss: 5.765191102784844
60: time = 0,004000 loss = 5,690304
Resulting gain: 0.07488687649162884
Chlorochrysa.nitidissima response curves
Ending
