Mon Jun 13 10:51:19 COT 2022
MaxEnt version 3.4.4
Checking header of C:\humboldt\biomodelos-sdm\Cistothorus.apolinari\M_variables\Set_1\elev.asc
Checking header of C:\humboldt\biomodelos-sdm\Cistothorus.apolinari\M_variables\Set_1\wc2.1_10m_bio_10_s.asc
Checking header of C:\humboldt\biomodelos-sdm\Cistothorus.apolinari\M_variables\Set_1\wc2.1_10m_bio_1_s.asc
Reading samples from occ_joint_kuenm.csv
Read samples: max memory 1048576000, total allocated 134217728, free 124842336, used 9375392, increment 9375392
Extractor: max memory 1048576000, total allocated 134217728, free 124842336, used 9375392, increment 0
Extracting random background and sample data
196 points with values for all grids
Adding samples to background in feature space
Command line used:  environmentallayers=C:\humboldt\biomodelos-sdm\Cistothorus.apolinari\M_variables\Set_1 samplesfile=C:\humboldt\biomodelos-sdm\Cistothorus.apolinari\occurrences\occ_joint_kuenm.csv outputdirectory=C:\humboldt\biomodelos-sdm\Cistothorus.apolinari\final_models_kuenm\\M_1_F_qh_Set_1 betamultiplier=1 autofeature=false linear=false quadratic=true product=false threshold=false hinge=true replicates=1 replicatetype=Bootstrap jackknife=false outputformat=logistic extrapolate=false doclamp=false writeclampgrid=false writemess=false responsecurves=true warnings=false visible=false redoifexists autorun
Command line to repeat: java density.MaxEnt nowarnings noprefixes responsecurves outputformat=logistic outputdirectory=C:\humboldt\biomodelos-sdm\Cistothorus.apolinari\final_models_kuenm\\M_1_F_qh_Set_1 samplesfile=C:\humboldt\biomodelos-sdm\Cistothorus.apolinari\occurrences\occ_joint_kuenm.csv environmentallayers=C:\humboldt\biomodelos-sdm\Cistothorus.apolinari\M_variables\Set_1 nowarnings noaskoverwrite nowriteclampgrid nowritemess replicatetype=bootstrap nolinear noproduct autorun noextrapolate novisible noautofeature nodoclamp
Species: Cistothorus.apolinari
Layers: elev wc2.1_10m_bio_10_s wc2.1_10m_bio_1_s
Layertypes: Continuous Continuous Continuous
responsecurves: true
outputformat: logistic
outputdirectory: C:\humboldt\biomodelos-sdm\Cistothorus.apolinari\final_models_kuenm\\M_1_F_qh_Set_1
samplesfile: C:\humboldt\biomodelos-sdm\Cistothorus.apolinari\occurrences\occ_joint_kuenm.csv
environmentallayers: C:\humboldt\biomodelos-sdm\Cistothorus.apolinari\M_variables\Set_1
warnings: false
askoverwrite: false
writeclampgrid: false
writemess: false
replicatetype: bootstrap
linear: false
product: false
autorun: true
extrapolate: false
visible: false
autofeature: false
doclamp: false

getSamples: max memory 1048576000, total allocated 134217728, free 124296112, used 9921616, increment 546224
Making features
makeFeatures: max memory 1048576000, total allocated 134217728, free 124296112, used 9921616, increment 0
Cistothorus.apolinari: 
Regularization values: linear/quadratic/product: 0.442, categorical: 0.250, threshold: 1.800, hinge: 0.500
20 samples
Density: max memory 1048576000, total allocated 134217728, free 123813696, used 10404032, increment 482416
linearPredictor: max memory 1048576000, total allocated 134217728, free 123813696, used 10404032, increment 0
FeaturedSpace: max memory 1048576000, total allocated 134217728, free 123813696, used 10404032, increment 0
Sequential: max memory 1048576000, total allocated 134217728, free 123813696, used 10404032, increment 0
Initial loss: 5.278114659230517
120: time = 0,126000 loss = 4,473605
Resulting gain: 0.8045091631244974
Time since start: 1.148
Projecting...
Writing file C:\humboldt\biomodelos-sdm\Cistothorus.apolinari\final_models_kuenm\M_1_F_qh_Set_1\Cistothorus.apolinari.asc
Writing C:\humboldt\biomodelos-sdm\Cistothorus.apolinari\final_models_kuenm\M_1_F_qh_Set_1\plots\Cistothorus.apolinari.png
Cistothorus.apolinari response curves
Response curve: only elev
Making features
makeFeatures: max memory 1048576000, total allocated 134217728, free 110001040, used 24216688, increment 13812656
Cistothorus.apolinari elev: 
Regularization values: linear/quadratic/product: 0.442, categorical: 0.250, threshold: 1.800, hinge: 0.500
20 samples
Density: max memory 1048576000, total allocated 134217728, free 109474704, used 24743024, increment 526336
linearPredictor: max memory 1048576000, total allocated 134217728, free 109474704, used 24743024, increment 0
FeaturedSpace: max memory 1048576000, total allocated 134217728, free 109474704, used 24743024, increment 0
Sequential: max memory 1048576000, total allocated 134217728, free 109474704, used 24743024, increment 0
Initial loss: 5.278114659230517
160: time = 0,031000 loss = 4,529631
Resulting gain: 0.7484840575248066
Cistothorus.apolinari response curves
Response curve: only wc2.1_10m_bio_10_s
Making features
makeFeatures: max memory 1048576000, total allocated 134217728, free 98988944, used 35228784, increment 10485760
Cistothorus.apolinari wc2.1_10m_bio_10_s: 
Regularization values: linear/quadratic/product: 0.442, categorical: 0.250, threshold: 1.800, hinge: 0.500
20 samples
Density: max memory 1048576000, total allocated 134217728, free 98988944, used 35228784, increment 0
linearPredictor: max memory 1048576000, total allocated 134217728, free 98988944, used 35228784, increment 0
FeaturedSpace: max memory 1048576000, total allocated 134217728, free 98988944, used 35228784, increment 0
Sequential: max memory 1048576000, total allocated 134217728, free 98988944, used 35228784, increment 0
Initial loss: 5.278114659230517
100: time = 0,018000 loss = 4,476397
Resulting gain: 0.801717480771809
Cistothorus.apolinari response curves
Response curve: only wc2.1_10m_bio_1_s
Making features
makeFeatures: max memory 1048576000, total allocated 134217728, free 90600336, used 43617392, increment 8388608
Cistothorus.apolinari wc2.1_10m_bio_1_s: 
Regularization values: linear/quadratic/product: 0.442, categorical: 0.250, threshold: 1.800, hinge: 0.500
20 samples
Density: max memory 1048576000, total allocated 134217728, free 90600336, used 43617392, increment 0
linearPredictor: max memory 1048576000, total allocated 134217728, free 90600336, used 43617392, increment 0
FeaturedSpace: max memory 1048576000, total allocated 134217728, free 90600336, used 43617392, increment 0
Sequential: max memory 1048576000, total allocated 134217728, free 90600336, used 43617392, increment 0
Initial loss: 5.278114659230517
100: time = 0,023000 loss = 4,473605
Resulting gain: 0.8045091631244965
Cistothorus.apolinari response curves
Ending
