Mon Jun 13 11:09:32 COT 2022
MaxEnt version 3.4.4
Checking header of C:\humboldt\biomodelos-sdm\Euphonia.concinna\M_variables\Set_1\elev.asc
Checking header of C:\humboldt\biomodelos-sdm\Euphonia.concinna\M_variables\Set_1\wc2.1_10m_bio_10_s.asc
Checking header of C:\humboldt\biomodelos-sdm\Euphonia.concinna\M_variables\Set_1\wc2.1_10m_bio_1_s.asc
Reading samples from occ_joint_kuenm.csv
Read samples: max memory 1048576000, total allocated 134217728, free 124855328, used 9362400, increment 9362400
Extractor: max memory 1048576000, total allocated 134217728, free 123813728, used 10404000, increment 1041600
Extracting random background and sample data
352 points with values for all grids
Adding samples to background in feature space
Command line used:  environmentallayers=C:\humboldt\biomodelos-sdm\Euphonia.concinna\M_variables\Set_1 samplesfile=C:\humboldt\biomodelos-sdm\Euphonia.concinna\occurrences\occ_joint_kuenm.csv outputdirectory=C:\humboldt\biomodelos-sdm\Euphonia.concinna\final_models_kuenm\\M_1_F_lp_Set_1 betamultiplier=1 autofeature=false linear=true quadratic=false product=true threshold=false hinge=false replicates=1 replicatetype=Bootstrap jackknife=false outputformat=logistic extrapolate=false doclamp=false writeclampgrid=false writemess=false responsecurves=true warnings=false visible=false redoifexists autorun
Command line to repeat: java density.MaxEnt nowarnings noprefixes responsecurves outputformat=logistic outputdirectory=C:\humboldt\biomodelos-sdm\Euphonia.concinna\final_models_kuenm\\M_1_F_lp_Set_1 samplesfile=C:\humboldt\biomodelos-sdm\Euphonia.concinna\occurrences\occ_joint_kuenm.csv environmentallayers=C:\humboldt\biomodelos-sdm\Euphonia.concinna\M_variables\Set_1 nowarnings noaskoverwrite nowriteclampgrid nowritemess replicatetype=bootstrap noquadratic nohinge autorun noextrapolate novisible noautofeature nodoclamp
Species: Euphonia.concinna
Layers: elev wc2.1_10m_bio_10_s wc2.1_10m_bio_1_s
Layertypes: Continuous Continuous Continuous
responsecurves: true
outputformat: logistic
outputdirectory: C:\humboldt\biomodelos-sdm\Euphonia.concinna\final_models_kuenm\\M_1_F_lp_Set_1
samplesfile: C:\humboldt\biomodelos-sdm\Euphonia.concinna\occurrences\occ_joint_kuenm.csv
environmentallayers: C:\humboldt\biomodelos-sdm\Euphonia.concinna\M_variables\Set_1
warnings: false
askoverwrite: false
writeclampgrid: false
writemess: false
replicatetype: bootstrap
quadratic: false
hinge: false
autorun: true
extrapolate: false
visible: false
autofeature: false
doclamp: false

getSamples: max memory 1048576000, total allocated 134217728, free 123813728, used 10404000, increment 0
Making features
makeFeatures: max memory 1048576000, total allocated 134217728, free 123731968, used 10485760, increment 81760
Euphonia.concinna: 
Regularization values: linear/quadratic/product: 0.257, categorical: 0.250, threshold: 1.290, hinge: 0.500
71 samples
Density: max memory 1048576000, total allocated 134217728, free 123220768, used 10996960, increment 511200
linearPredictor: max memory 1048576000, total allocated 134217728, free 123220768, used 10996960, increment 0
FeaturedSpace: max memory 1048576000, total allocated 134217728, free 123220768, used 10996960, increment 0
Sequential: max memory 1048576000, total allocated 134217728, free 123220768, used 10996960, increment 0
Initial loss: 5.863631175598097
120: time = 0,032000 loss = 5,611581
Resulting gain: 0.2520498661148114
Time since start: 1.036
Projecting...
Writing file C:\humboldt\biomodelos-sdm\Euphonia.concinna\final_models_kuenm\M_1_F_lp_Set_1\Euphonia.concinna.asc
Writing C:\humboldt\biomodelos-sdm\Euphonia.concinna\final_models_kuenm\M_1_F_lp_Set_1\plots\Euphonia.concinna.png
Euphonia.concinna response curves
Response curve: only elev
Making features
makeFeatures: max memory 1048576000, total allocated 134217728, free 92129280, used 42088448, increment 31091488
Euphonia.concinna elev: 
Regularization values: linear/quadratic/product: 0.257, categorical: 0.250, threshold: 1.290, hinge: 0.500
71 samples
Density: max memory 1048576000, total allocated 134217728, free 92129280, used 42088448, increment 0
linearPredictor: max memory 1048576000, total allocated 134217728, free 92129280, used 42088448, increment 0
FeaturedSpace: max memory 1048576000, total allocated 134217728, free 92129280, used 42088448, increment 0
Sequential: max memory 1048576000, total allocated 134217728, free 92129280, used 42088448, increment 0
Initial loss: 5.863631175598097
60: time = 0,013000 loss = 5,647332
Resulting gain: 0.21629924052717886
Euphonia.concinna response curves
Response curve: only wc2.1_10m_bio_10_s
Making features
makeFeatures: max memory 1048576000, total allocated 134217728, free 88461312, used 45756416, increment 3667968
Euphonia.concinna wc2.1_10m_bio_10_s: 
Regularization values: linear/quadratic/product: 0.257, categorical: 0.250, threshold: 1.290, hinge: 0.500
71 samples
Density: max memory 1048576000, total allocated 134217728, free 88461312, used 45756416, increment 0
linearPredictor: max memory 1048576000, total allocated 134217728, free 88461312, used 45756416, increment 0
FeaturedSpace: max memory 1048576000, total allocated 134217728, free 88461312, used 45756416, increment 0
Sequential: max memory 1048576000, total allocated 134217728, free 88461312, used 45756416, increment 0
Initial loss: 5.863631175598097
60: time = 0,012000 loss = 5,637792
Resulting gain: 0.22583914984646736
Euphonia.concinna response curves
Response curve: only wc2.1_10m_bio_1_s
Making features
makeFeatures: max memory 1048576000, total allocated 134217728, free 114393984, used 19823744, increment -25932672
Euphonia.concinna wc2.1_10m_bio_1_s: 
Regularization values: linear/quadratic/product: 0.257, categorical: 0.250, threshold: 1.290, hinge: 0.500
71 samples
Density: max memory 1048576000, total allocated 134217728, free 114393984, used 19823744, increment 0
linearPredictor: max memory 1048576000, total allocated 134217728, free 114393984, used 19823744, increment 0
FeaturedSpace: max memory 1048576000, total allocated 134217728, free 114393984, used 19823744, increment 0
Sequential: max memory 1048576000, total allocated 134217728, free 114393984, used 19823744, increment 0
Initial loss: 5.863631175598097
60: time = 0,006000 loss = 5,637195
Resulting gain: 0.22643666021474385
Euphonia.concinna response curves
Ending
